IQ-TREE multicore version 1.6.12 for Linux 64-bit built Aug 15 2019
Developed by Bui Quang Minh, Nguyen Lam Tung, Olga Chernomor,
Heiko Schmidt, Dominik Schrempf, Michael Woodhams.

Host:    fermat (AVX2, FMA3, 1009 GB RAM)
Command: ../../iqtree -s wainwright_2012.nex -m TEST -bb 1000 -alrt 1000
Seed:    644678 (Using SPRNG - Scalable Parallel Random Number Generator)
Time:    Mon Mar 13 22:44:19 2023
Kernel:  AVX+FMA - 1 threads (128 CPU cores detected)

HINT: Use -nt option to specify number of threads because your CPU has 128 cores!
HINT: -nt AUTO will automatically determine the best number of threads to use.

Reading alignment file wainwright_2012.nex ... Nexus format detected
Skipping unknown block (SETS)...
Alignment has 188 sequences with 8439 columns, 4956 distinct patterns
3805 parsimony-informative, 664 singleton sites, 3970 constant sites
                             Gap/Ambiguity  Composition  p-value
   1  Polymixia_loweiB              13.41%    passed     44.74%
   2  Polymixia_japonicaA            1.88%    passed     59.66%
   3  Chaunax_spA                    3.41%    failed      4.90%
   4  Gigantactis_vA                32.60%    passed     39.37%
   5  Lophius_amerA                  4.06%    passed     80.29%
   6  Lophius_gastrophysus          37.36%    failed      0.55%
   7  Brotula_multibarbataA          9.55%    passed     25.56%
   8  Percopsis_omiscomaycusA       13.84%    failed      0.07%
   9  Mugil_cephalusA                3.63%    passed     45.01%
  10  Mugil_curema                   1.22%    passed     38.60%
  11  Labidesthes_sicculusA         13.58%    passed      5.47%
  12  Atherinomorus_lacunosusA      10.95%    passed     45.50%
  13  Melanotaenia_spC              20.93%    failed      0.21%
  14  Rheocles_wrightaeA             2.36%    failed      0.13%
  15  Oryzias_latipes                1.22%    passed     18.01%
  16  Platybelone_argalaA           12.29%    passed     23.48%
  17  Strongylura_marinaA           10.44%    passed     20.87%
  18  Xenentodon_cancilaA            1.66%    failed      2.90%
  19  Cheilopogon_pinA              31.39%    passed     28.86%
  20  Cypselurus_melanurusA         31.30%    passed     14.05%
  21  Dermogenys_colletteiA         30.76%    passed     59.03%
  22  Arrhamphus_sclerolepisA       28.42%    passed     24.28%
  23  Scomberesox_saurusA           29.16%    passed     57.85%
  24  Fundulus_heteroclitus         17.45%    failed      1.34%
  25  Lucania_goodeiA               24.51%    passed     12.36%
  26  Gambusia_affinisA              2.17%    passed     18.34%
  27  Beryx_decadactylusA           20.10%    passed     38.62%
  28  Hoplostethus_atlanticusA       2.32%    passed     81.27%
  29  Aulostomus_maculatusA          2.93%    failed      1.46%
  30  Aeoliscus_strigatusA          27.91%    passed     11.26%
  31  Aulorhynchus_flavidusA         2.96%    failed      0.02%
  32  Gasterosteus_acuC              4.01%    failed      0.00%
  33  Macrognathus_siamensisA       10.44%    failed      0.61%
  34  Monopterus_albusA              2.67%    failed      0.09%
  35  Anoplopoma_fimbriaA            9.28%    failed      0.48%
  36  Cottus_carolinaeA             11.84%    failed      0.36%
  37  Cyclopterus_lumpusA            3.29%    failed      1.05%
  38  Hexagrammos_otakiiA            2.78%    failed      0.63%
  39  Sebastes_fasciatusA           13.58%    failed      0.11%
  40  Sebastes_ruberrimus           29.19%    failed      0.64%
  41  Sebastolobus_alascanusA       13.94%    failed      0.00%
  42  Apogon_lateralisA              3.34%    failed      1.29%
  43  Cheilodipterus_quA             2.49%    failed      0.06%
  44  Seriola_dumeriliA              2.63%    passed     18.59%
  45  Trachinotus_carolinusA         1.66%    passed     94.36%
  46  Ambloplites_rupestrisCB        1.61%    passed     81.56%
  47  Centrogenys_vaigiensisA        2.19%    passed     78.60%
  48  Centropomus_undecimalisA       2.64%    passed     45.58%
  49  Chaetodon_ornatissimusA        2.12%    passed     54.30%
  50  Forcipiger_flavissimusA        1.53%    passed     95.70%
  51  Ambassis_urotaeniaA            3.33%    passed     22.68%
  52  Paracirrhites_arcatusA         1.72%    passed     51.85%
  53  Cheilodactylus_variegatusA    14.37%    failed      1.54%
  54  Eucinostomus_lefroyiA          2.92%    passed     37.21%
  55  Eugerres_plumieriA             2.86%    passed     75.14%
  56  Gramma_loretoA                 2.74%    passed     20.36%
  57  Haemulon_sciurusA              3.92%    passed     42.72%
  58  Inermia_vitattaA              13.38%    passed     24.14%
  59  Kuhlia_marginataA              2.68%    passed     97.30%
  60  Kyphosus_elegansA              1.82%    passed     92.54%
  61  Gazza_minutaA                 22.04%    failed      4.73%
  62  Leiognathus_equulusA          24.43%    passed      7.16%
  63  Lethrinus_erythropterusA      12.89%    passed     57.09%
  64  Monotaxis_grandoculisA         1.87%    passed     97.49%
  65  Lutjanus_biguttatusA          13.94%    passed     30.01%
  66  Lutjanus_mahogoni             17.49%    failed      3.84%
  67  Ocyurus_chrysurusA            12.18%    passed     74.53%
  68  Caulolatilus_princepsA         2.42%    passed     79.20%
  69  Malacanthus_plumieriA         22.91%    passed      7.07%
  70  Morone_chrysopsA               2.17%    passed     64.52%
  71  Pentapodus_caninusA           13.19%    failed      0.00%
  72  Scolopsis_bilineataA           2.84%    failed      0.12%
  73  Scolopsis_margaritiferA       13.58%    failed      0.05%
  74  Opistognathus_aurifronsA      19.47%    passed     33.06%
  75  Maccullochella_peeliiA         2.44%    passed     91.24%
  76  Gadopsis_marmoratusA          11.67%    passed     43.67%
  77  Etheostoma_atripinneA         11.59%    passed     72.38%
  78  Percina_caprodesA             10.84%    passed     77.90%
  79  Perca_flavescensA             41.41%    passed     92.47%
  80  Plesiops_melasA                3.69%    passed     81.41%
  81  Monocirrhus_polyacanthusA     10.74%    failed      0.00%
  82  Polycentrus_schomburgkiA       1.97%    failed      0.02%
  83  Stereolepis_gigasA             2.42%    passed     90.71%
  84  Chaetodontoplus_melanasomaA   10.62%    passed     76.41%
  85  Holocanthus_passerA            9.38%    passed     50.84%
  86  Pomacanthus_zonipectusA        8.97%    passed     99.65%
  87  Congrogadus_subducensA         2.20%    passed     96.40%
  88  Pseudochromis_fridmaniA        1.27%    passed     12.81%
  89  Labracinus_cyclophthalmusA     1.35%    passed     14.26%
  90  Ogilbynia_novaehollandaeA      2.22%    failed      2.48%
  91  Pholidochromis_cerasiaeA       2.45%    failed      4.28%
  92  Aplodinotus_grunniensA         2.60%    passed     55.07%
  93  Leiostomus_xanthurusA          2.51%    passed     85.80%
  94  Menticirrhus_littoralisA       1.62%    passed     42.77%
  95  Cephalopholis_argusA          10.30%    passed     89.55%
  96  Hypoplecterus_puellaA         21.70%    passed     40.29%
  97  Mycteroperca_microlepisA       2.25%    passed     89.53%
  98  Paralabrax_nebuliferA          2.62%    passed      9.22%
  99  Pseudanthias_pascalusA         2.26%    passed      5.49%
 100  Rypticus_saponaceusA           3.29%    passed     97.19%
 101  Serranus_tigrinusA            11.38%    passed     78.57%
 102  Hemanthias_aureorubensA       12.00%    passed     20.55%
 103  Lagodon_rhomboidesA           13.09%    failed      1.32%
 104  Stenotomus_chrysopsA          13.00%    failed      1.64%
 105  Toxotes_jaculatrixA           13.62%    passed      8.03%
 106  Cichla_temensisA               2.10%    failed      0.02%
 107  Etroplus_maculatusA            1.58%    failed      1.69%
 108  Heros_appendictulatusA         3.90%    failed      0.02%
 109  Heterochromis_multidensA       2.71%    failed      0.05%
 110  Herichthys_cyanoguttatus      25.42%    failed      0.37%
 111  Oreochromis_niloticus         17.45%    failed      4.98%
 112  Paratilapia_polleniA           1.35%    failed      2.46%
 113  Paretroplus_maculatusA         2.68%    failed      3.59%
 114  Ptychochromis_grandidieriB     7.50%    passed     16.88%
 115  Cymatogaster_aggregattaA      11.72%    passed     41.74%
 116  Damalichthys_vaccaA            2.19%    passed     50.15%
 117  Embiotoca_jacksoniA            2.19%    passed     45.83%
 118  Embiotoca_lateralisA          12.13%    passed     43.27%
 119  Hyperprosopon_argenteumA       2.43%    passed     64.54%
 120  Phanerodon_furcatusA          12.95%    passed     53.43%
 121  Bodianus_rufusA               10.72%    passed     80.41%
 122  Chlorurus_sordidusA           10.50%    passed     87.39%
 123  Clepticus_parraeA             11.77%    passed     67.42%
 124  Coris_batuensisA              43.74%    passed     31.68%
 125  Coris_gaimardA                 9.36%    passed     63.04%
 126  Diproctacanthus_xanB          18.19%    failed      0.12%
 127  Epibulus_brevisA               2.25%    passed     88.24%
 128  Epibulus_insidiatorA          28.87%    failed      0.24%
 129  Gomphosus_variusA             13.47%    passed     80.48%
 130  Halichoeres_bivutatusA         2.32%    passed     77.44%
 131  Halichoeres_margaritaceusA    36.64%    passed     16.88%
 132  Labrichthys_unilineatusA       9.84%    passed     21.84%
 133  Labropsis_australisA          10.91%    passed     11.78%
 134  Lachnolaimus_maA              26.52%    passed     48.47%
 135  Oxycheilinus_celibecusA       10.27%    passed     90.36%
 136  Oxyjulis_californicusA        25.92%    passed     32.55%
 137  Pterogogus_enneacanthusA       2.63%    passed     19.72%
 138  Tautoga_onitisA               19.69%    failed      1.70%
 139  Tautogolabrus_adspersusA      19.75%    passed      6.33%
 140  Xyrichtys_martinicensisA       2.05%    passed     27.01%
 141  Haletta_semifasciataA         21.08%    failed      0.14%
 142  Abudefduf_saxatilisA          22.64%    passed     59.53%
 143  Chromis_cyaneaA               10.98%    passed     22.37%
 144  Microspathodon_bairdiiA        2.67%    passed     51.89%
 145  Stegastes_leucostictusA        2.61%    passed     52.25%
 146  Cetoscarus_bicolorA            4.47%    passed     53.45%
 147  Anarhichas_lupusA              1.96%    passed     25.03%
 148  Pholis_crasicepsA              2.11%    passed      8.64%
 149  Lycodes_terraenovae           17.63%    failed      1.32%
 150  Dissostichus_eleginoidesB      2.30%    passed     60.56%
 151  Chionobathyscus_dewittiB       1.88%    passed     21.12%
 152  Bembrops_anatirostrisA        25.19%    failed      0.00%
 153  Bembrops_gobioidesA           22.23%    failed      0.00%
 154  Parapercis_clathrataA         23.07%    passed     11.15%
 155  Astroscopus_y_graecumA         2.22%    passed     87.91%
 156  Kathetostoma_averruncusA      14.86%    passed     25.11%
 157  Pholidichthys_lB              11.42%    failed      3.15%
 158  Meiacanthus_grammistesA        2.78%    passed     24.86%
 159  Ophiblennius_atlanticusA       3.29%    passed     94.41%
 160  Chaenopsis_alepidotaA         22.99%    failed      0.05%
 161  Gillellus_semicinctusA        33.26%    failed      0.00%
 162  Labrisomus_multiporosaA       12.30%    failed      0.00%
 163  Icosteus_aenigmaticusA        49.92%    failed      1.58%
 164  Diademichthys_lineatusA        3.14%    passed     27.17%
 165  Gobiesox_maeandricusA         17.64%    passed     84.85%
 166  Odontobutis_potamophilaA      25.92%    failed      0.89%
 167  Percottus_glenniA             10.96%    failed      0.00%
 168  Eleotris_pisonisA             11.79%    passed     17.31%
 169  Acanthurus_bahianusA           2.69%    passed     74.05%
 170  Ctenochaetus_strigosusA        1.88%    passed     35.54%
 171  Scatophagus_argusA             2.81%    failed      3.22%
 172  Ruvettus_pretiosusA            1.40%    passed     90.04%
 173  Sarda_sardaA                   2.80%    passed     88.24%
 174  Trichiurus_lepturusA          39.72%    passed      6.30%
 175  Cubiceps_baxteriA              3.95%    passed     99.87%
 176  Microctenopoma_nanumA          3.54%    failed      1.38%
 177  Ctenopoma_kingsleyaeA         10.33%    passed     10.42%
 178  Betta_splendensA              29.34%    passed     56.62%
 179  Channa_striataA                1.65%    passed     47.60%
 180  Paralichthys_dentatusA         9.16%    passed     98.81%
 181  Pleuronectes_platessa         27.20%    passed      7.97%
 182  Pseudopleuronectes_amerA       4.03%    passed     32.05%
 183  Scophthalmus_aquosusA         19.46%    passed     56.71%
 184  Chilomycterus_schoepfiiA       2.10%    failed      0.01%
 185  Diodon_holocanthusA            2.62%    failed      0.00%
 186  Ostracion_cubicusA            13.97%    passed     39.70%
 187  Lactophrys_triqueterA          3.52%    failed      3.70%
 188  Triacanthodes_anomalusA        3.35%    passed     38.60%
****  TOTAL                         10.84%  60 sequences failed composition chi2 test (p-value<5%; df=3)


Create initial parsimony tree by phylogenetic likelihood library (PLL)... 0.146 seconds
NOTE: ModelFinder requires 139 MB RAM!
ModelFinder will test 88 DNA models (sample size: 8439) ...
 No. Model         -LnL         df  AIC          AICc         BIC
  1  JC            299013.284   373 598772.567   598807.162   601398.718
  2  JC+I          271933.145   374 544614.291   544649.075   547247.482
  3  JC+G4         257358.281   374 515464.563   515499.347   518097.754
  4  JC+I+G4       255380.140   375 511510.279   511545.254   514150.511
  5  F81+F         299430.144   376 599612.288   599647.454   602259.561
  6  F81+F+I       272043.009   377 544840.018   544875.375   547494.332
  7  F81+F+G4      257686.095   377 516126.190   516161.547   518780.504
  8  F81+F+I+G4    255696.874   378 512149.748   512185.297   514811.102
  9  K2P           285981.035   374 572710.071   572744.855   575343.262
 10  K2P+I         258584.965   375 517919.930   517954.905   520560.163
 11  K2P+G4        243296.018   375 487342.036   487377.011   489982.268
 12  K2P+I+G4      241289.542   376 483331.084   483366.249   485978.357
 13  HKY+F         286220.240   377 573194.480   573229.837   575848.794
 14  HKY+F+I       258108.795   378 516973.589   517009.138   519634.943
 15  HKY+F+G4      243168.653   378 487093.305   487128.854   489754.659
 16  HKY+F+I+G4    241106.250   379 482970.500   483006.241   485638.895
 17  TNe           285553.418   375 571856.836   571891.811   574497.069
 18  TNe+I         258393.566   376 517539.132   517574.298   520186.405
 19  TNe+G4        243208.682   376 487169.364   487204.529   489816.637
 20  TNe+I+G4      241237.780   377 483229.560   483264.917   485883.873
 21  TN+F          285617.472   378 571990.945   572026.493   574652.299
 22  TN+F+I        257729.974   379 516217.947   516253.689   518886.342
 23  TN+F+G4       242989.882   379 486737.763   486773.505   489406.158
 24  TN+F+I+G4     240982.687   380 482725.374   482761.308   485400.809
 25  K3P           285976.136   375 572702.272   572737.247   575342.505
 26  K3P+I         258579.705   376 517911.409   517946.575   520558.682
 27  K3P+G4        243288.276   376 487328.552   487363.717   489975.824
 28  K3P+I+G4      241282.142   377 483318.285   483353.642   485972.598
 29  K3Pu+F        286211.384   378 573178.767   573214.316   575840.121
 30  K3Pu+F+I      258089.624   379 516937.248   516972.989   519605.643
 31  K3Pu+F+G4     243148.740   379 487055.481   487091.222   489723.876
 32  K3Pu+F+I+G4   241086.631   380 482933.263   482969.197   485608.698
 33  TPM2+F        286217.318   378 573190.636   573226.185   575851.990
 34  TPM2+F+I      258065.079   379 516888.158   516923.899   519556.553
 35  TPM2+F+G4     243131.542   379 487021.084   487056.825   489689.478
 36  TPM2+F+I+G4   241073.062   380 482906.124   482942.059   485581.559
 37  TPM2u+F       286217.326   378 573190.651   573226.200   575852.005
 38  TPM2u+F+I     258065.086   379 516888.171   516923.913   519556.566
 39  TPM2u+F+G4    243131.542   379 487021.084   487056.825   489689.479
 40  TPM2u+F+I+G4  241073.062   380 482906.123   482942.058   485581.559
 41  TPM3+F        286191.176   378 573138.353   573173.901   575799.707
 42  TPM3+F+I      258076.018   379 516910.036   516945.778   519578.431
 43  TPM3+F+G4     243165.844   379 487089.689   487125.430   489758.084
 44  TPM3+F+I+G4   241105.569   380 482971.137   483007.072   485646.572
 45  TPM3u+F       286191.177   378 573138.355   573173.903   575799.709
 46  TPM3u+F+I     258076.036   379 516910.072   516945.814   519578.467
 47  TPM3u+F+G4    243165.844   379 487089.688   487125.430   489758.083
 48  TPM3u+F+I+G4  241105.568   380 482971.137   483007.071   485646.572
 49  TIMe          285548.522   376 571849.043   571884.209   574496.316
 50  TIMe+I        258388.347   377 517530.693   517566.050   520185.007
 51  TIMe+G4       243200.714   377 487155.427   487190.784   489809.741
 52  TIMe+I+G4     241230.213   378 483216.427   483251.975   485877.781
 53  TIM+F         285608.587   379 571975.174   572010.915   574643.569
 54  TIM+F+I       257710.720   380 516181.439   516217.374   518856.874
 55  TIM+F+G4      242968.762   380 486697.523   486733.458   489372.959
 56  TIM+F+I+G4    240962.424   381 482686.848   482722.976   485369.324
 57  TIM2e         285552.806   376 571857.612   571892.778   574504.885
 58  TIM2e+I       258376.983   377 517507.967   517543.324   520162.280
 59  TIM2e+G4      243199.686   377 487153.371   487188.728   489807.685
 60  TIM2e+I+G4    241232.017   378 483220.035   483255.584   485881.389
 61  TIM2+F        285614.536   379 571987.072   572022.814   574655.467
 62  TIM2+F+I      257686.883   380 516133.767   516169.701   518809.202
 63  TIM2+F+G4     242942.557   380 486645.114   486681.049   489320.549
 64  TIM2+F+I+G4   240945.111   381 482652.223   482688.351   485334.699
 65  TIM3e         285413.296   376 571578.591   571613.757   574225.864
 66  TIM3e+I       258393.438   377 517540.876   517576.233   520195.190
 67  TIM3e+G4      243092.891   377 486939.783   486975.139   489594.096
 68  TIM3e+I+G4    241136.984   378 483029.968   483065.517   485691.322
 69  TIM3+F        285588.322   379 571934.645   571970.386   574603.039
 70  TIM3+F+I      257695.968   380 516151.936   516187.870   518827.371
 71  TIM3+F+G4     242985.549   380 486731.098   486767.033   489406.533
 72  TIM3+F+I+G4   240981.243   381 482724.486   482760.614   485406.962
 73  TVMe          285832.196   377 572418.392   572453.749   575072.705
 74  TVMe+I        258565.490   378 517886.979   517922.528   520548.333
 75  TVMe+G4       243178.635   378 487113.269   487148.818   489774.623
 76  TVMe+I+G4     241186.422   379 483130.844   483166.585   485799.238
 77  TVM+F         286179.175   380 573118.350   573154.285   575793.786
 78  TVM+F+I       258025.897   381 516813.794   516849.922   519496.270
 79  TVM+F+G4      243117.555   381 486997.109   487033.237   489679.585
 80  TVM+F+I+G4    241061.829   382 482887.657   482923.980   485577.174
 81  SYM           285404.696   378 571565.392   571600.941   574226.746
 82  SYM+I         258374.544   379 517507.088   517542.829   520175.482
 83  SYM+G4        243075.191   379 486908.381   486944.122   489576.776
 84  SYM+I+G4      241122.339   380 483004.679   483040.613   485680.114
 85  GTR+F         285576.278   381 571914.555   571950.683   574597.031
 86  GTR+F+I       257646.321   382 516056.642   516092.964   518746.158
 87  GTR+F+G4      242926.955   382 486617.911   486654.233   489307.427
 88  GTR+F+I+G4    240932.777   383 482631.555   482668.072   485328.112
Akaike Information Criterion:           GTR+F+I+G4
Corrected Akaike Information Criterion: GTR+F+I+G4
Bayesian Information Criterion:         GTR+F+I+G4
Best-fit model: GTR+F+I+G4 chosen according to BIC

All model information printed to wainwright_2012.nex.model.gz
CPU time for ModelFinder: 351.624 seconds (0h:5m:51s)
Wall-clock time for ModelFinder: 353.727 seconds (0h:5m:53s)
Generating 1000 samples for ultrafast bootstrap (seed: 644678)...

NOTE: 139 MB RAM (0 GB) is required!
Estimate model parameters (epsilon = 0.100)
Thoroughly optimizing +I+G parameters from 10 start values...
Init pinv, alpha: 0.000, 1.000 / Estimate: 0.440, 0.801 / LogL: -240932.807
Init pinv, alpha: 0.052, 1.000 / Estimate: 0.440, 0.801 / LogL: -240932.756
Init pinv, alpha: 0.105, 1.000 / Estimate: 0.440, 0.801 / LogL: -240932.794
Init pinv, alpha: 0.157, 1.000 / Estimate: 0.440, 0.801 / LogL: -240932.744
Init pinv, alpha: 0.209, 1.000 / Estimate: 0.440, 0.801 / LogL: -240932.725
Init pinv, alpha: 0.261, 1.000 / Estimate: 0.440, 0.801 / LogL: -240932.744
Init pinv, alpha: 0.314, 1.000 / Estimate: 0.440, 0.801 / LogL: -240932.713
Init pinv, alpha: 0.366, 1.000 / Estimate: 0.440, 0.801 / LogL: -240932.709
Init pinv, alpha: 0.418, 1.000 / Estimate: 0.440, 0.801 / LogL: -240932.713
Init pinv, alpha: 0.470, 1.000 / Estimate: 0.441, 0.801 / LogL: -240932.710
Optimal pinv,alpha: 0.440, 0.801 / LogL: -240932.709

Parameters optimization took 160.601 sec
Computing ML distances based on estimated model parameters... 1.604 sec
Computing BIONJ tree...
0.065 seconds
Log-likelihood of BIONJ tree: -241360.344
--------------------------------------------------------------------
|             INITIALIZING CANDIDATE TREE SET                      |
--------------------------------------------------------------------
Generating 98 parsimony trees... 13.880 second
Computing log-likelihood of 98 initial trees ... 39.420 seconds
Current best score: -240932.709

Do NNI search on 20 best initial trees
Estimate model parameters (epsilon = 0.100)
BETTER TREE FOUND at iteration 1: -240813.388
Estimate model parameters (epsilon = 0.100)
BETTER TREE FOUND at iteration 2: -240754.472
Estimate model parameters (epsilon = 0.100)
BETTER TREE FOUND at iteration 6: -240727.571
Estimate model parameters (epsilon = 0.100)
BETTER TREE FOUND at iteration 10: -240720.214
Iteration 10 / LogL: -240720.214 / Time: 0h:4m:31s
Iteration 20 / LogL: -240772.982 / Time: 0h:5m:17s
Finish initializing candidate tree set (19)
Current best tree score: -240720.214 / CPU time: 152.259
Number of iterations: 20
--------------------------------------------------------------------
|               OPTIMIZING CANDIDATE TREE SET                      |
--------------------------------------------------------------------
Estimate model parameters (epsilon = 0.100)
BETTER TREE FOUND at iteration 30: -240718.441
Iteration 30 / LogL: -240718.441 / Time: 0h:6m:8s (0h:21m:11s left)
Estimate model parameters (epsilon = 0.100)
BETTER TREE FOUND at iteration 37: -240718.030
Estimate model parameters (epsilon = 0.100)
BETTER TREE FOUND at iteration 38: -240712.386
Iteration 40 / LogL: -240728.900 / Time: 0h:6m:58s (0h:17m:31s left)
Iteration 50 / LogL: -240737.693 / Time: 0h:7m:44s (0h:13m:53s left)
Log-likelihood cutoff on original alignment: -240799.028
Iteration 60 / LogL: -240714.421 / Time: 0h:8m:28s (0h:11m:11s left)
Iteration 70 / LogL: -240716.384 / Time: 0h:9m:14s (0h:9m:5s left)
Iteration 80 / LogL: -240719.847 / Time: 0h:9m:54s (0h:7m:16s left)
Iteration 90 / LogL: -240713.181 / Time: 0h:10m:39s (0h:5m:44s left)
Iteration 100 / LogL: -240712.596 / Time: 0h:11m:20s (0h:4m:21s left)
Log-likelihood cutoff on original alignment: -240799.028
NOTE: Bootstrap correlation coefficient of split occurrence frequencies: 0.996
Iteration 110 / LogL: -240728.268 / Time: 0h:12m:7s (0h:10m:1s left)
Iteration 120 / LogL: -240714.288 / Time: 0h:12m:52s (0h:8m:39s left)
Iteration 130 / LogL: -240712.960 / Time: 0h:13m:37s (0h:7m:23s left)
TREE SEARCH COMPLETED AFTER 139 ITERATIONS / Time: 0h:14m:17s

--------------------------------------------------------------------
|                    FINALIZING TREE SEARCH                        |
--------------------------------------------------------------------
Performs final model parameters optimization
Estimate model parameters (epsilon = 0.010)
1. Initial log-likelihood: -240712.386
2. Current log-likelihood: -240712.356
Optimal log-likelihood: -240712.349
Rate parameters:  A-C: 1.19579  A-G: 4.82327  A-T: 1.04091  C-G: 0.93886  C-T: 6.33920  G-T: 1.00000
Base frequencies:  A: 0.242  C: 0.277  G: 0.269  T: 0.212
Proportion of invariable sites: 0.440
Gamma shape alpha: 0.797
Parameters optimization took 2 rounds (2.278 sec)
BEST SCORE FOUND : -240712.349

Testing tree branches by SH-like aLRT with 1000 replicates...
38.392 sec.
Creating bootstrap support values...
Split supports printed to NEXUS file wainwright_2012.nex.splits.nex
Total tree length: 11.182

Total number of iterations: 139
CPU time used for tree search: 689.224 sec (0h:11m:29s)
Wall-clock time used for tree search: 691.757 sec (0h:11m:31s)
Total CPU time used: 895.236 sec (0h:14m:55s)
Total wall-clock time used: 898.306 sec (0h:14m:58s)

Computing bootstrap consensus tree...
Reading input file wainwright_2012.nex.splits.nex...
188 taxa and 576 splits.
Consensus tree written to wainwright_2012.nex.contree
Reading input trees file wainwright_2012.nex.contree
Log-likelihood of consensus tree: -240718.065

Analysis results written to: 
  IQ-TREE report:                wainwright_2012.nex.iqtree
  Maximum-likelihood tree:       wainwright_2012.nex.treefile
  Likelihood distances:          wainwright_2012.nex.mldist

Ultrafast bootstrap approximation results written to:
  Split support values:          wainwright_2012.nex.splits.nex
  Consensus tree:                wainwright_2012.nex.contree
  Screen log file:               wainwright_2012.nex.log

Date and Time: Mon Mar 13 23:05:15 2023
