IQ-TREE multicore version 1.6.12 for Linux 64-bit built Aug 15 2019
Developed by Bui Quang Minh, Nguyen Lam Tung, Olga Chernomor,
Heiko Schmidt, Dominik Schrempf, Michael Woodhams.

Host:    fermat (AVX2, FMA3, 1009 GB RAM)
Command: ../../iqtree -s tolley_2013.nex -m TEST -bb 1000 -alrt 1000
Seed:    733273 (Using SPRNG - Scalable Parallel Random Number Generator)
Time:    Mon Mar 13 22:21:34 2023
Kernel:  AVX+FMA - 1 threads (128 CPU cores detected)

HINT: Use -nt option to specify number of threads because your CPU has 128 cores!
HINT: -nt AUTO will automatically determine the best number of threads to use.

Reading alignment file tolley_2013.nex ... Nexus format detected
Skipping unknown block (SETS)...
Alignment has 203 sequences with 5054 columns, 4345 distinct patterns
3358 parsimony-informative, 488 singleton sites, 1208 constant sites
                                                  Gap/Ambiguity  Composition  p-value
   1  Archaius_tigris_Caltig2                             5.78%    passed      7.00%
   2  Bradypodion_atromontanum_Swartberg_KT016           29.07%    passed     86.19%
   3  Bradypodion_caeruleogula_Ngoya_KTH676              30.39%    passed     76.04%
   4  Bradypodion_caffer_PortStJohns_CT167               34.53%    passed     65.18%
   5  Bradypodion_damaranum_Witelsbos_KTH118             41.79%    passed     21.75%
   6  Bradypodion_dracomontanum_MH1057                   56.69%    passed     23.20%
   7  Bradypodion_gutturale_Karoo_KT047                  35.10%    passed     80.37%
   8  Bradypodion_kentanicum_Mazeppa_CT183               30.97%    passed     79.68%
   9  Bradypodion_melanocephalum_Hilton_CT016            28.04%    passed     67.01%
  10  Bradypodion_nemorale_Qudeni_CT146                  25.21%    passed     75.57%
  11  Bradypodion_ngomeense_Ngome_CT065                  23.25%    passed     90.84%
  12  Bradypodion_occidentale_5618                        3.17%    passed     95.39%
  13  Bradypodion_pumilum_Elim_KTH115                    31.94%    passed     70.54%
  14  Bradypodion_setaroi_Dukuduku_CT066                 46.04%    passed     32.81%
  15  Bradypodion_taeniabronchum_Elandsberg_KT039        41.99%    passed     27.99%
  16  Bradypodion_thamnobates_Nottingham_fused           23.92%    passed     70.70%
  17  Bradypodion_transvaalense_Soutpansberg_CT061       27.84%    passed     77.50%
  18  Bradypodion_ventrale_Groendal_KTH153               34.19%    passed     80.90%
  19  Brookesia_ambreensis_FGZC_445                       5.92%    failed      1.93%
  20  Brookesia_antakarana_FGZC_444                       6.35%    failed      2.75%
  21  Brookesia_betschi_ZCMV_2015                         6.94%    passed     53.68%
  22  Brookesia_bonsi                                    86.23%    failed      0.00%
  23  Brookesia_brygooi_61408                             4.14%    passed      9.20%
  24  Brookesia_decaryi_B31                               4.95%    failed      2.05%
  25  Brookesia_dentata_58383                             5.60%    passed     85.79%
  26  Brookesia_ebenaui_Ambre_FGZC_484                    7.54%    passed     69.10%
  27  Brookesia_exarmata_FGZC_816                         2.65%    passed     73.02%
  28  Brookesia_griveaudi_FGZC_2803                       6.11%    failed      2.54%
  29  Brookesia_karchei_FGZC_2752                         7.20%    passed     17.84%
  30  Brookesia_lineata_G33                               8.21%    passed     24.93%
  31  Brookesia_lolontany_AF443234                       86.23%    failed      0.01%
  32  Brookesia_minima_Manongarivo_FGMV_2002_786          8.29%    passed     75.58%
  33  Brookesia_nasus_Ranomafana_FGMV_2002_445            7.84%    passed     37.74%
  34  Brookesia_perarmata_FGZC_703                        4.06%    failed      1.89%
  35  Brookesia_peyrierasi_NosyMangabe_ZCMV_2191          8.15%    failed      0.04%
  36  Brookesia_ramanantsoai_FG1                          6.37%    passed     45.37%
  37  Brookesia_aff_minima_Betampona_BET11                7.00%    passed     24.64%
  38  Brookesia_desperata_FdAmbre_FGZC_1880              33.14%    failed      0.13%
  39  Brookesia_aff_exarmata_MdF_477_MdF477               6.51%    passed     26.81%
  40  Brookesia_aff_NosyHara_FGZC_1831                   19.65%    failed      4.50%
  41  Brookesia_stumpffi_Manongarivo_FGMV_2002_2207       6.31%    failed      1.09%
  42  Brookesia_superciliaris_Ranomafana_FGMV_2002_627    6.98%    failed      2.19%
  43  Brookesia_therezieni_1107                           7.87%    passed     11.35%
  44  Brookesia_thieli_Ambohitantely_ZCMV_752             6.98%    passed     46.12%
  45  Brookesia_tuberculata_FGZC_479                      9.52%    passed     41.87%
  46  Brookesia_vadoni_Marojejy_FGZC_2739                 4.37%    passed     40.80%
  47  Brookesia_valeriae                                 86.23%    failed      0.00%
  48  Calumma_amber_Ambre_504                             4.12%    passed     90.08%
  49  Calumma_ambreense_Manarikoba_E36                    4.81%    passed     67.35%
  50  Calumma_andringitraense_Andringitra_E11             7.02%    passed     73.02%
  51  Calumma_boettgeri_NosyBe_D12                        5.34%    passed     93.63%
  52  Calumma_brevicornis_Andasibe_A47                    5.90%    passed     99.39%
  53  Calumma_capuroni_FGZC_2514                          3.80%    passed     77.79%
  54  Calumma_cf_cucullatum_Mahasoa_DRV_5713             19.21%    passed     62.12%
  55  Calumma_cf_fallax_Ambohitsara_ZCMV_152              6.96%    passed     48.92%
  56  Calumma_vencesi_Makira_ZCMV_11275                  18.14%    passed     43.64%
  57  Calumma_crypticum_fused                             9.81%    passed     42.59%
  58  Calumma_furcifer_Vohidrazana_A11                    9.12%    passed     63.66%
  59  Calumma_gallus_Manombo_ZCMV_492                    18.50%    passed     27.36%
  60  Calumma_gallus_Vohidrazana_B8                      17.02%    failed      1.90%
  61  Calumma_gastrotaenia_Andasibe_FGMV_2002_987         8.47%    passed     67.13%
  62  Calumma_glawi_Ranomafana_FGMV_2002_321              4.19%    passed     82.15%
  63  Calumma_globifer_Mandraka_D2                        5.42%    passed     72.68%
  64  Calumma_guibei_TsaratananaCamp2_DRV6140            32.94%    passed     54.85%
  65  Calumma_linotum_Manarikoba_E36                      5.90%    passed     69.62%
  66  Calumma_guillaumeti_Marojejy_ZCMV_2076              3.24%    passed     79.04%
  67  Calumma_hilleniusi_Ankaratra_ZCMV_2944              4.73%    passed     64.45%
  68  Calumma_malthe_Mantadia_D6                          5.74%    passed     87.02%
  69  Calumma_marojezense_TAND2                          56.27%    passed     26.43%
  70  Calumma_nasutum_Andasibe_FGMV_2002_984              3.96%    passed     85.40%
  71  Calumma_nasutum_Marojejy_ZCMV_2072                 12.80%    passed     13.50%
  72  Calumma_nasutum_Andohahela_FGZC_2508                5.96%    passed     26.47%
  73  Calumma_nasutum_Kidonavo_ZCMV_2891                  7.54%    passed     30.53%
  74  Calumma_nasutum_Makira_ZCMV_11292                  35.38%    passed      6.18%
  75  Calumma_vohibola_SG3756                            63.55%    passed     24.22%
  76  Calumma_oshaughnessyi_Ranomafana_ZCMV_604           8.11%    passed     82.75%
  77  Calumma_parsonii_cristifer_Mahasoa_DRV_5714        21.23%    passed     63.47%
  78  Calumma_peltierorum_Manarikoba_G22                  4.65%    passed     82.33%
  79  Calumma_tarzan_FGZC4499                            23.82%    failed      2.88%
  80  Calumma_tsaratananensis_ZFMK12415                  30.85%    passed     83.23%
  81  Calumma_peyrierasi_ZCMV12416                       33.04%    passed     90.52%
  82  Calumma_hafahafa_DRV6282                           34.86%    passed     87.43%
  83  Chamaeleo_africanus_MVZ_238898                      7.93%    passed     60.19%
  84  Chamaeleo_anchietae_Huila_KTH09_113                25.39%    passed     24.48%
  85  Chamaeleo_arabicus_246129                          10.39%    passed     95.78%
  86  Chamaeleo_calcaricarens_241362                     20.14%    passed     19.54%
  87  Chamaeleo_calyptratus_ZSM_801_2000                 28.99%    passed      8.69%
  88  Chamaeleo_chamaeleon_fused                         29.92%    failed      1.24%
  89  Chamaeleo_dilepis_Huila_KTH09_285                  30.21%    passed     23.59%
  90  Chamaeleo_gracilis_Guinea_CT088                    44.38%    failed      3.30%
  91  Chamaeleo_monachus_236483                          17.77%    passed     55.16%
  92  Chamaeleo_namaquensis_ECU_5863                      8.88%    passed     60.62%
  93  Chamaeleo_necasi_ZFMK77059                         55.58%    passed     57.65%
  94  Chamaeleo_senegalensis_Guinea_CT087                28.71%    passed     82.23%
  95  Chamaeleo_zeylanicus_MVZ_248410                     7.58%    passed     70.40%
  96  Furcifer_angeli_Genbank                            86.25%    failed      0.00%
  97  Furcifer_antimena_M38                              20.48%    passed      8.63%
  98  Furcifer_balteatus_Ambatolahy_FGMV_2002_284         2.81%    passed     98.11%
  99  Furcifer_campani_Andringitra_FGMV_2002_2108         3.86%    passed     82.80%
 100  Furcifer_cephalolepis_802                           5.05%    passed     73.80%
 101  Furcifer_labordi_68616                              6.17%    passed     61.08%
 102  Furcifer_lateralis_Antoetra_FGMV_2002_65            5.58%    passed     94.43%
 103  Furcifer_minor_Genbank                             20.64%    passed     15.09%
 104  Furcifer_nicosiai_Bemaraha_FGZC_662                 9.66%    passed     56.21%
 105  Furcifer_oustaleti_fused                            5.58%    passed     67.40%
 106  Furcifer_pardalis_Ambre_FGZC_502                    3.17%    passed     81.51%
 107  Furcifer_petteri_MdF_FGZC_606                       6.89%    passed     66.39%
 108  Furcifer_polleni_867                                5.44%    passed     82.82%
 109  Furcifer_rhinoceratus_Ankarafantsika_C18            5.14%    passed     81.77%
 110  Furcifer_timoni_Ambre_FGZC_495                      4.04%    passed     69.88%
 111  Furcifer_verrucosus_Tolagnaro_FGZC_66              12.33%    passed     99.35%
 112  Furcifer_willsi_Andasibe_ZCMV_2216                 19.81%    passed     28.45%
 113  Kinyongia_adolfifriderici_Bwindi_CAS201593         25.72%    passed     32.20%
 114  Kinyongia_asheorum                                 81.24%    failed      0.00%
 115  Kinyongia_boehmei_Taita_JM2927                     28.02%    passed     19.37%
 116  Kinyongia_carpenteri_Rwenzori_CT345                25.60%    passed     66.80%
 117  Kinyongia_excubitor_MtKenya_CT209                  21.33%    passed     40.88%
 118  Kinyongia_fischeri_Nguru_CT334                     23.74%    failed      1.95%
 119  Kinyongia_magomberae_Udzungwa_MTSN8218             35.00%    passed     20.41%
 120  Kinyongia_matschiei_EUsambara_CAS168853            33.50%    passed     50.69%
 121  Kinyongia_multituberculata_WUsambara_TZ31          43.04%    passed     11.48%
 122  Kinyongia_oxyrhina_Nguru_CT150                     24.30%    passed     86.47%
 123  Kinyongia_tavetana_Kilimanjaro_CT113               24.04%    failed      1.01%
 124  Kinyongia_tenuis_EUsambara_CAS168917               23.39%    passed     62.26%
 125  Kinyongia_uluguruensis_uluguru_CT189               22.06%    passed     37.51%
 126  Kinyongia_uthmoelleri_SPare_CT151                  40.96%    failed      1.24%
 127  Kinyongia_vosseleri_EUsambara_CAS168921            30.35%    passed     55.42%
 128  Kinyongia_xenorhinum_Rwenzori_CT350                21.33%    passed     44.29%
 129  Nadzikambia_mlanjense_Mulanje_PEMR16294            25.52%    passed     23.14%
 130  Rhampholeon_acuminatus_CT153                       92.84%    passed     30.28%
 131  Rhampholeon_boulengeri_Rh25                        51.42%    passed     21.43%
 132  Rhampholeon_chapmanorum_Rh9                         6.57%    passed     35.54%
 133  Rhampholeon_gorongosae_Rh17                        25.35%    passed     30.10%
 134  Rhampholeon_marshalli_Rh10                          4.51%    passed     57.57%
 135  Rhampholeon_moyeri_Rh28                            14.96%    failed      1.28%
 136  Rhampholeon_nchisiensis_Rh8                         4.29%    passed     68.11%
 137  Rhampholeon_platyceps_Rh11                          4.31%    passed     47.84%
 138  Rhampholeon_spectrum_Rh20                           3.54%    passed     54.72%
 139  Rhampholeon_spinosus_WUsambara_CT118               38.01%    passed     45.71%
 140  Rhampholeon_temporalis_Rh1                          4.00%    passed     85.21%
 141  Rhampholeon_uluguruensis_Rh34                      81.95%    passed     16.47%
 142  Rhampholeon_viridis_NPare_CT204                    23.80%    passed     95.82%
 143  Rieppeleon_brachyurus_Ri1                          62.05%    failed      2.17%
 144  Rieppeleon_brevicaudatus_Ri4                        6.43%    failed      0.20%
 145  Rieppeleon_kerstenii_RI27                           4.35%    failed      0.01%
 146  Trioceros_affinis_Ethiopia_Addis_CT021             28.55%    passed     49.28%
 147  Trioceros_balebicornutus_Ethiopia_BaleMtns_CT022   38.31%    failed      0.15%
 148  Trioceros_bitaeniatus_OldonyoSambu_CT338           45.69%    passed     11.06%
 149  Trioceros_cristatus_Gabon_CT143                    39.49%    passed     42.05%
 150  Trioceros_deremensis_NguruS_MTSN_8491              24.55%    passed     73.97%
 151  Trioceros_ellioti_Uganda_Masaka_CT348              43.02%    passed     65.74%
 152  Trioceros_feae_EquatorialGuinea_CAS207681           4.61%    passed     34.33%
 153  Trioceros_fuelleborni_fused                        23.80%    passed     54.74%
 154  Trioceros_goetzei_Nyika_CT050                      25.27%    passed     83.95%
 155  Trioceros_hanangensis_MtHanang_ZFMK_82368          92.74%    passed     42.51%
 156  Trioceros_harennae_Bale_CT023                      36.68%    passed     15.07%
 157  Trioceros_hoehnelii_MtKenya_CT210                  28.20%    passed     66.37%
 158  Trioceros_incornutus_PorotoMtns_CT149              60.92%    passed     46.54%
 159  Trioceros_ituriensis_ZFMK55707                     92.84%    passed     26.87%
 160  Trioceros_jacksonii_CAS199070                      18.88%    passed     19.35%
 161  Trioceros_johnstoni_Kibale_CAS201596               24.26%    passed     90.48%
 162  Trioceros_kinetensis_Sudan_ZFMK_29714              92.74%    passed     41.35%
 163  Trioceros_laterispinis_Udzungwa_MTSN5047           28.85%    passed     91.02%
 164  Trioceros_melleri_Zomba_CT056                      24.12%    passed     44.29%
 165  Trioceros_montium_ZSM828                           70.60%    passed      7.21%
 166  Trioceros_narraioca_ZFMK84819                      62.03%    failed      0.09%
 167  Trioceros_oweni_fused                              32.90%    passed     20.95%
 168  Trioceros_quadricornis_fused                       15.59%    passed     83.92%
 169  Trioceros_rudis_Ngorongoro_CT114                   25.94%    passed     57.16%
 170  Trioceros_schubotzi_MtKenay_CT211                  27.44%    passed     65.26%
 171  Trioceros_sternfeldi_MtMeru_CT326                  23.43%    passed     30.04%
 172  Trioceros_tempeli_Njombe_CT187                     20.56%    passed     77.45%
 173  Trioceros_werneri_Udzungwa_MTSN8690                28.85%    passed     93.47%
 174  Trioceros_wiedersheimi_ZSM855                      70.97%    passed     52.67%
 175  Sphenodon_punctatus_AF534390                       14.50%    passed      5.94%
 176  Dibamus_sp_AY649149                                19.55%    failed      0.20%
 177  Coleonyx_variegatus_NC008774                       10.59%    passed      6.99%
 178  Gekko_gecko_NC007627                                9.26%    failed      0.68%
 179  Acontias_meleagris_AY028880                        15.43%    failed      1.74%
 180  Mabuya_quinquetaeniata_DQ238906                    14.38%    passed      9.83%
 181  Cordylosaurus_subtesselatus_AY217951               28.10%    failed      0.43%
 182  Cordylus_namaquensis_AY217950                      11.65%    failed      1.53%
 183  Lepidophyma_flavimaculatum_NC008775                41.67%    failed      0.00%
 184  Xantusia_vigilis_AY217993                          16.15%    passed     70.31%
 185  Lacerta_viridis_NC008328                           20.93%    failed      2.15%
 186  Takydromus_tachydromoides_NC008773                 32.69%    failed      0.03%
 187  Rhineura_floridana_NC006282                        12.45%    passed     31.93%
 188  Amphisbaena_fuliginosa_FJ441683                    13.63%    failed      0.81%
 189  Alopoglossus_copii_AF420745                        25.72%    passed     29.97%
 190  Aspidoscelis_tigris_AY046494                       14.03%    passed     56.75%
 191  Liotyphlops_albirostris_AF366762                   14.09%    failed      0.00%
 192  Dinodon_semicarinatus_NC001945                      9.20%    passed     52.16%
 193  Elgaria_multicarinata_TWR469                       15.33%    failed      4.41%
 194  Xenosaurus_platyceps_DQ990973                      26.24%    failed      0.05%
 195  Heloderma_suspectum_ISIS100503                     12.39%    failed      3.81%
 196  Varanus_indicus_EF193692                           16.64%    failed      0.03%
 197  Shinisaurus_crocodilurus_AB080274                  13.40%    passed     11.81%
 198  Anolis_carolinenesis_NC010972                      10.80%    passed     10.32%
 199  Liolaemus_scapularis_L41447                        11.20%    passed     86.89%
 200  Uromastyx_acanthinura_FJ639598                      3.48%    passed     10.09%
 201  Leiolepis_belliana_AF378379                        13.65%    passed     33.70%
 202  Physignathus_cocincinus_AB031990                   28.12%    passed     32.59%
 203  Agama_agama_GU128439                               21.13%    passed     46.68%
WARNING: 20 sequences contain more than 50% gaps/ambiguity
****  TOTAL                                              23.17%  42 sequences failed composition chi2 test (p-value<5%; df=3)


Create initial parsimony tree by phylogenetic likelihood library (PLL)... 0.112 seconds
NOTE: ModelFinder requires 131 MB RAM!
ModelFinder will test 88 DNA models (sample size: 5054) ...
 No. Model         -LnL         df  AIC          AICc         BIC
  1  JC            228517.006   403 457840.012   457910.039   460470.770
  2  JC+I          219737.735   404 440283.470   440353.860   442920.756
  3  JC+G4         202710.932   404 406229.863   406300.253   408867.149
  4  JC+I+G4       202472.151   405 405754.302   405825.055   408398.115
  5  F81+F         228701.972   406 458215.943   458287.061   460866.285
  6  F81+F+I       219757.953   407 440329.906   440401.390   442986.776
  7  F81+F+G4      201917.248   407 404648.496   404719.979   407305.366
  8  F81+F+I+G4    201664.714   408 404145.429   404217.279   406808.826
  9  K2P           220871.893   404 442551.786   442622.176   445189.072
 10  K2P+I         211980.280   405 424770.559   424841.313   427414.373
 11  K2P+G4        193977.211   405 388764.423   388835.176   391408.236
 12  K2P+I+G4      193742.560   406 388297.119   388368.237   390947.461
 13  HKY+F         220396.262   407 441606.524   441678.008   444263.394
 14  HKY+F+I       211202.722   408 423221.444   423293.294   425884.841
 15  HKY+F+G4      191295.961   408 383407.923   383479.773   386071.320
 16  HKY+F+I+G4    191083.676   409 382985.351   383057.569   385655.277
 17  TNe           219944.841   405 440699.681   440770.434   443343.495
 18  TNe+I         210941.656   406 422695.312   422766.430   425345.654
 19  TNe+G4        192566.663   406 385945.326   386016.444   388595.668
 20  TNe+I+G4      192399.667   407 385613.334   385684.818   388270.204
 21  TN+F          219619.443   408 440054.885   440126.736   442718.283
 22  TN+F+I        210394.290   409 421606.580   421678.798   424276.506
 23  TN+F+G4       190663.945   409 382145.891   382218.109   384815.816
 24  TN+F+I+G4     190468.546   410 381757.091   381829.678   384433.544
 25  K3P           220609.341   405 442028.682   442099.435   444672.496
 26  K3P+I         211715.781   406 424243.561   424314.679   426893.903
 27  K3P+G4        193812.889   406 388437.779   388508.896   391088.120
 28  K3P+I+G4      193578.895   407 387971.790   388043.273   390628.659
 29  K3Pu+F        220132.714   408 441081.429   441153.279   443744.826
 30  K3Pu+F+I      210959.037   409 422736.073   422808.291   425405.999
 31  K3Pu+F+G4     191207.979   409 383233.959   383306.177   385903.884
 32  K3Pu+F+I+G4   190995.533   410 382811.065   382883.652   385487.519
 33  TPM2+F        219005.633   408 438827.265   438899.115   441490.663
 34  TPM2+F+I      209982.281   409 420782.561   420854.779   423452.487
 35  TPM2+F+G4     191123.688   409 383065.377   383137.595   385735.302
 36  TPM2+F+I+G4   190902.788   410 382625.577   382698.163   385302.030
 37  TPM2u+F       219005.630   408 438827.259   438899.109   441490.657
 38  TPM2u+F+I     209982.284   409 420782.568   420854.786   423452.493
 39  TPM2u+F+G4    191123.682   409 383065.364   383137.582   385735.289
 40  TPM2u+F+I+G4  190902.788   410 382625.576   382698.162   385302.029
 41  TPM3+F        220180.827   408 441177.654   441249.505   443841.052
 42  TPM3+F+I      211049.822   409 422917.644   422989.862   425587.569
 43  TPM3+F+G4     191289.005   409 383396.010   383468.228   386065.935
 44  TPM3+F+I+G4   191076.726   410 382973.451   383046.038   385649.905
 45  TPM3u+F       220180.818   408 441177.635   441249.486   443841.033
 46  TPM3u+F+I     211049.820   409 422917.640   422989.858   425587.566
 47  TPM3u+F+G4    191289.005   409 383396.010   383468.228   386065.935
 48  TPM3u+F+I+G4  191076.721   410 382973.441   383046.028   385649.895
 49  TIMe          219680.698   406 440173.396   440244.514   442823.738
 50  TIMe+I        210675.913   407 422165.827   422237.310   424822.696
 51  TIMe+G4       192406.685   407 385627.371   385698.854   388284.240
 52  TIMe+I+G4     192237.510   408 385291.019   385362.870   387954.417
 53  TIM+F         219355.105   409 439528.210   439600.428   442198.136
 54  TIM+F+I       210150.837   410 421121.674   421194.260   423798.127
 55  TIM+F+G4      190569.314   410 381958.629   382031.215   384635.082
 56  TIM+F+I+G4    190372.110   411 381566.219   381639.176   384249.201
 57  TIM2e         217465.754   406 435743.508   435814.626   438393.850
 58  TIM2e+I       208715.329   407 418244.658   418316.142   420901.528
 59  TIM2e+G4      191438.911   407 383691.822   383763.305   386348.692
 60  TIM2e+I+G4    191230.139   408 383276.279   383348.129   385939.677
 61  TIM2+F        218257.116   409 437332.233   437404.450   440002.158
 62  TIM2+F+I      209197.920   410 419215.840   419288.427   421892.293
 63  TIM2+F+G4     190415.771   410 381651.542   381724.128   384327.995
 64  TIM2+F+I+G4   190233.938   411 381289.877   381362.833   383972.858
 65  TIM3e         219733.709   406 440279.418   440350.535   442929.759
 66  TIM3e+I       210793.416   407 422400.831   422472.315   425057.701
 67  TIM3e+G4      192549.885   407 385913.770   385985.254   388570.640
 68  TIM3e+I+G4    192381.843   408 385579.686   385651.537   388243.084
 69  TIM3+F        219401.653   409 439621.306   439693.524   442291.232
 70  TIM3+F+I      210241.956   410 421303.913   421376.499   423980.366
 71  TIM3+F+G4     190653.233   410 382126.467   382199.053   384802.920
 72  TIM3+F+I+G4   190458.281   411 381738.562   381811.518   384421.543
 73  TVMe          218084.332   407 436982.664   437054.148   439639.534
 74  TVMe+I        209502.177   408 419820.354   419892.204   422483.752
 75  TVMe+G4       192665.189   408 386146.377   386218.227   388809.775
 76  TVMe+I+G4     192448.803   409 385715.605   385787.823   388385.531
 77  TVM+F         218721.067   410 438262.134   438334.720   440938.587
 78  TVM+F+I       209755.262   411 420332.524   420405.480   423015.505
 79  TVM+F+G4      191047.960   411 382917.919   382990.876   385600.900
 80  TVM+F+I+G4    190826.938   412 382477.875   382551.203   385167.385
 81  SYM           217185.232   408 435186.464   435258.314   437849.861
 82  SYM+I         208482.791   409 417783.582   417855.800   420453.507
 83  SYM+G4        191332.889   409 383483.778   383555.996   386153.704
 84  SYM+I+G4      191124.717   410 383069.433   383142.020   385745.887
 85  GTR+F         217970.565   411 436763.130   436836.087   439446.112
 86  GTR+F+I       208971.539   412 418767.077   418840.405   421456.587
 87  GTR+F+G4      190336.844   412 381497.688   381571.016   384187.198
 88  GTR+F+I+G4    190153.623   413 381133.247   381206.946   383829.284
Akaike Information Criterion:           GTR+F+I+G4
Corrected Akaike Information Criterion: GTR+F+I+G4
Bayesian Information Criterion:         GTR+F+I+G4
Best-fit model: GTR+F+I+G4 chosen according to BIC

All model information printed to tolley_2013.nex.model.gz
CPU time for ModelFinder: 313.168 seconds (0h:5m:13s)
Wall-clock time for ModelFinder: 315.407 seconds (0h:5m:15s)
Generating 1000 samples for ultrafast bootstrap (seed: 733273)...

NOTE: 131 MB RAM (0 GB) is required!
Estimate model parameters (epsilon = 0.100)
Thoroughly optimizing +I+G parameters from 10 start values...
Init pinv, alpha: 0.000, 1.000 / Estimate: 0.000, 0.434 / LogL: -190336.813
Init pinv, alpha: 0.027, 1.000 / Estimate: 0.168, 0.598 / LogL: -190153.744
Init pinv, alpha: 0.053, 1.000 / Estimate: 0.167, 0.598 / LogL: -190153.738
Init pinv, alpha: 0.080, 1.000 / Estimate: 0.168, 0.598 / LogL: -190153.665
Init pinv, alpha: 0.106, 1.000 / Estimate: 0.167, 0.598 / LogL: -190153.665
Init pinv, alpha: 0.133, 1.000 / Estimate: 0.168, 0.598 / LogL: -190153.646
Init pinv, alpha: 0.159, 1.000 / Estimate: 0.171, 0.605 / LogL: -190153.551
Init pinv, alpha: 0.186, 1.000 / Estimate: 0.173, 0.611 / LogL: -190153.723
Init pinv, alpha: 0.212, 1.000 / Estimate: 0.173, 0.609 / LogL: -190153.672
Init pinv, alpha: 0.239, 1.000 / Estimate: 0.173, 0.609 / LogL: -190153.693
Optimal pinv,alpha: 0.171, 0.605 / LogL: -190153.551

Parameters optimization took 129.309 sec
Computing ML distances based on estimated model parameters... 1.596 sec
WARNING: Some pairwise ML distances are too long (saturated)
Computing BIONJ tree...
0.063 seconds
Log-likelihood of BIONJ tree: -194170.429
--------------------------------------------------------------------
|             INITIALIZING CANDIDATE TREE SET                      |
--------------------------------------------------------------------
Generating 98 parsimony trees... 11.957 second
Computing log-likelihood of 98 initial trees ... 37.244 seconds
Current best score: -190153.551

Do NNI search on 20 best initial trees
Estimate model parameters (epsilon = 0.100)
BETTER TREE FOUND at iteration 1: -189964.593
Estimate model parameters (epsilon = 0.100)
BETTER TREE FOUND at iteration 3: -189957.000
Estimate model parameters (epsilon = 0.100)
BETTER TREE FOUND at iteration 4: -189953.748
Estimate model parameters (epsilon = 0.100)
BETTER TREE FOUND at iteration 8: -189941.226
Iteration 10 / LogL: -189948.406 / Time: 0h:4m:0s
Estimate model parameters (epsilon = 0.100)
BETTER TREE FOUND at iteration 12: -189939.909
Iteration 20 / LogL: -189955.170 / Time: 0h:4m:55s
Finish initializing candidate tree set (20)
Current best tree score: -189939.909 / CPU time: 162.214
Number of iterations: 20
--------------------------------------------------------------------
|               OPTIMIZING CANDIDATE TREE SET                      |
--------------------------------------------------------------------
Iteration 30 / LogL: -189947.291 / Time: 0h:5m:45s (0h:16m:16s left)
Estimate model parameters (epsilon = 0.100)
BETTER TREE FOUND at iteration 32: -189936.812
Iteration 40 / LogL: -189944.871 / Time: 0h:6m:35s (0h:15m:33s left)
Estimate model parameters (epsilon = 0.100)
BETTER TREE FOUND at iteration 42: -189936.232
Iteration 50 / LogL: -189939.930 / Time: 0h:7m:28s (0h:14m:2s left)
Log-likelihood cutoff on original alignment: -190040.750
Iteration 60 / LogL: -189940.194 / Time: 0h:8m:20s (0h:11m:35s left)
Iteration 70 / LogL: -189943.207 / Time: 0h:9m:11s (0h:9m:35s left)
Iteration 80 / LogL: -189943.549 / Time: 0h:9m:59s (0h:7m:50s left)
Iteration 90 / LogL: -190022.554 / Time: 0h:10m:50s (0h:6m:19s left)
Iteration 100 / LogL: -190274.370 / Time: 0h:11m:36s (0h:4m:55s left)
Log-likelihood cutoff on original alignment: -190036.778
NOTE: Bootstrap correlation coefficient of split occurrence frequencies: 0.998
Iteration 110 / LogL: -189952.616 / Time: 0h:12m:25s (0h:10m:15s left)
UPDATE BEST LOG-LIKELIHOOD: -189936.232
Estimate model parameters (epsilon = 0.100)
BETTER TREE FOUND at iteration 115: -189936.055
Iteration 120 / LogL: -189940.762 / Time: 0h:13m:20s (0h:10m:39s left)
Iteration 130 / LogL: -189939.189 / Time: 0h:14m:12s (0h:9m:21s left)
Iteration 140 / LogL: -189950.554 / Time: 0h:15m:2s (0h:8m:7s left)
Iteration 150 / LogL: -189940.529 / Time: 0h:15m:55s (0h:6m:56s left)
Log-likelihood cutoff on original alignment: -190030.301
Iteration 160 / LogL: -189940.448 / Time: 0h:16m:50s (0h:5m:49s left)
Iteration 170 / LogL: -189938.911 / Time: 0h:17m:43s (0h:4m:43s left)
Iteration 180 / LogL: -190275.130 / Time: 0h:18m:34s (0h:3m:37s left)
Iteration 190 / LogL: -189946.240 / Time: 0h:19m:30s (0h:2m:34s left)
Iteration 200 / LogL: -189942.165 / Time: 0h:20m:23s (0h:1m:32s left)
Log-likelihood cutoff on original alignment: -190015.947
NOTE: Bootstrap correlation coefficient of split occurrence frequencies: 0.999
Iteration 210 / LogL: -189953.822 / Time: 0h:21m:11s (0h:9m:7s left)
TREE SEARCH COMPLETED AFTER 216 ITERATIONS / Time: 0h:21m:42s

--------------------------------------------------------------------
|                    FINALIZING TREE SEARCH                        |
--------------------------------------------------------------------
Performs final model parameters optimization
Estimate model parameters (epsilon = 0.010)
1. Initial log-likelihood: -189936.055
Optimal log-likelihood: -189936.052
Rate parameters:  A-C: 1.63509  A-G: 4.34206  A-T: 1.22477  C-G: 0.65455  C-T: 8.92748  G-T: 1.00000
Base frequencies:  A: 0.332  C: 0.244  G: 0.181  T: 0.244
Proportion of invariable sites: 0.168
Gamma shape alpha: 0.595
Parameters optimization took 1 rounds (1.044 sec)
BEST SCORE FOUND : -189936.052

Testing tree branches by SH-like aLRT with 1000 replicates...
Alternative NNI shows better log-likelihood -189935.852 > -189936.052
27.014 sec.
Creating bootstrap support values...
Split supports printed to NEXUS file tolley_2013.nex.splits.nex
Total tree length: 24.764

Total number of iterations: 216
CPU time used for tree search: 1162.700 sec (0h:19m:22s)
Wall-clock time used for tree search: 1168.409 sec (0h:19m:28s)
Total CPU time used: 1324.976 sec (0h:22m:4s)
Total wall-clock time used: 1331.094 sec (0h:22m:11s)

Computing bootstrap consensus tree...
Reading input file tolley_2013.nex.splits.nex...
203 taxa and 709 splits.
Consensus tree written to tolley_2013.nex.contree
Reading input trees file tolley_2013.nex.contree
Log-likelihood of consensus tree: -189936.273

Analysis results written to: 
  IQ-TREE report:                tolley_2013.nex.iqtree
  Maximum-likelihood tree:       tolley_2013.nex.treefile
  Likelihood distances:          tolley_2013.nex.mldist

Ultrafast bootstrap approximation results written to:
  Split support values:          tolley_2013.nex.splits.nex
  Consensus tree:                tolley_2013.nex.contree
  Screen log file:               tolley_2013.nex.log

Date and Time: Mon Mar 13 22:49:05 2023
