IQ-TREE multicore version 2.2.0 COVID-edition for Linux 64-bit built Jun  1 2022
Developed by Bui Quang Minh, James Barbetti, Nguyen Lam Tung,
Olga Chernomor, Heiko Schmidt, Dominik Schrempf, Michael Woodhams, Ly Trong Nhan.

Host:    scotty-ThinkPad-T460 (AVX2, FMA3, 15 GB RAM)
Command: ../../iqtree2 -s siler_2013.nex --redo-tree
Seed:    158954 (Using SPRNG - Scalable Parallel Random Number Generator)
Time:    Mon Mar 13 23:05:50 2023
Kernel:  AVX+FMA - 1 threads (4 CPU cores detected)

HINT: Use -nt option to specify number of threads because your CPU has 4 cores!
HINT: -nt AUTO will automatically determine the best number of threads to use.

Reading alignment file siler_2013.nex ... Nexus format detected
Skipping unknown block (SETS)...
Alignment has 61 sequences with 2697 columns, 903 distinct patterns
665 parsimony-informative, 127 singleton sites, 1905 constant sites
                                  Gap/Ambiguity  Composition  p-value
Analyzing sequences: done in 0.000177633 secs using 74.87% CPU
   1  AF337128_Lampropeltis_alterna      58.84%    failed      0.00%
   2  AF337134_Lampropeltis_triangulum   58.84%    failed      0.00%
   3  AF471040_Lycodon_zawi              58.84%    failed      0.00%
   4  AF471062_Dipsadoboa_unicolor       58.84%    failed      0.00%
   5  AF471065_Dasypeltis_atra           58.84%    failed      0.00%
   6  Ahaetulla_prasina_CDS1130          37.19%    failed      0.13%
   7  Ahaetulla_prasina_RMB3042          16.43%    passed     14.71%
   8  Boiga_cynodon_CDS4400              15.54%    passed      6.34%
   9  Boiga_dendrophila_CDS1575          36.82%    passed     18.79%
  10  Ptyas_luzonensis_RMB4445           36.86%    passed      6.40%
  11  FJ627818_Pituophis_deppei          64.03%    failed      0.00%
  12  FJ627819_Pituophis_catenifer       61.29%    failed      0.02%
  13  GU073440_Pantherophis_bairdi       69.08%    failed      0.11%
  14  GU073446_Pantherophis_obsoletus    69.08%    failed      0.02%
  15  Gonyosoma_oxycephala_RMB11702      33.15%    failed      0.18%
  16  JF827672.Dinodon.rufozonatum       38.86%    passed     10.74%
  17  AB008539.Dinodon.semicarinatus     58.84%    failed      0.00%
  18  Lycodon_alcalai_RMB9036            17.98%    passed     91.77%
  19  Lycodon_alcalai_RMB9542            15.91%    passed     79.22%
  20  Lycodon_aulicus_205000             14.91%    failed      2.26%
  21  Lycodon_aulicus_CDS4621            35.85%    failed      0.14%
  22  Lycodon_aulicus_CDS658             14.76%    failed      0.72%
  23  Lycodon_aulicus_RMB4347            14.76%    failed      0.72%
  24  Lycodon_aulicus_RMB8785            14.76%    failed      0.95%
  25  Lycodon_bibonius_RMB5709           14.87%    passed     70.13%
  26  Lycodon_butleri_8066               16.17%    failed      3.36%
  27  Lycodon_butleri_9136               14.83%    failed      3.45%
  28  Lycodon_butleri_9421               15.16%    failed      3.58%
  29  Lycodon_capucinus_5725             15.65%    failed      0.88%
  30  Lycodon_capucinus_9277             15.16%    failed      1.46%
  31  Lycodon_capucinus_9695             23.29%    failed      1.31%
  32  Lycodon_capucinus_DSM1325L         14.83%    failed      1.54%
  33  Lycodon_capucinus_RMB9060          14.76%    failed      0.72%
  34  Lycodon_chrysoprateros_RMB6394     14.87%    passed     73.24%
  35  Lycodon_dumereli_ACD4146           15.87%    passed     22.61%
  36  Lycodon_dumereli_CDS1927           36.97%    passed     47.00%
  37  Lycodon_dumereli_RMB4393           15.87%    passed     22.69%
  38  Lycodon_effraensis_DSM927L          3.63%    failed      0.21%
  39  Lycodon_fasciatus_234875           58.84%    failed      0.00%
  40  Lycodon_fasciatus_234957           58.84%    failed      0.00%
  41  Lycodon_jara_235387                40.64%    failed      3.02%
  42  Lycodon_laoensis_258659            37.75%    failed      2.66%
  43  Lycodon_laoensis_262186            58.21%    passed     29.31%
  44  Lycodon_laoensis_8481              15.16%    passed     25.19%
  45  Lycodon_laoensis_DSM902L           56.69%    failed      4.37%
  46  Lycodon_muelleri_CDS5256           36.00%    passed     75.69%
  47  Lycodon_muelleri_DLSUD031          14.91%    passed     70.69%
  48  Lycodon_muelleri_RMB10605          35.97%    passed     59.59%
  49  Lycodon_muelleri_RMB9788           14.87%    passed     72.21%
  50  Lycodon_effraensis_9670            37.78%    passed     12.67%
  51  Lycodon_sp_RMB5948                 14.87%    passed     73.38%
  52  Lycodon_sp_RMB5965                 15.28%    passed     70.63%
  53  Lycodon_sp_RMB5991                 35.97%    passed     67.08%
  54  Lycodon_stormi_JAM7487             15.68%    passed      5.12%
  55  Lycodon_subcinctus_4199            58.92%    passed     56.01%
  56  Lycodon_subcinctus_5016            14.39%    passed     46.19%
  57  Lycodon_subcinctus_DSM1449L        32.44%    failed      0.09%
  58  Lycodon_subcinctus_RMB3097         14.50%    passed     58.78%
  59  Lycodon_subcinctus_RMB7585         35.60%    passed     38.02%
  60  Lycodon_zawi_239944                45.75%    passed      6.21%
  61  Oligodon_maculatus_RMB11713        55.62%    passed     45.41%
WARNING: 16 sequences contain more than 50% gaps/ambiguity
****  TOTAL                              32.74%  32 sequences failed composition chi2 test (p-value<5%; df=3)
NOTE: Lycodon_aulicus_RMB4347 is identical to Lycodon_aulicus_CDS658 but kept for subsequent analysis
Checking for duplicate sequences: done in 0.000479586 secs using 76.52% CPU


Create initial parsimony tree by phylogenetic likelihood library (PLL)... 0.009 seconds
Perform fast likelihood tree search using GTR+I+G model...
Estimate model parameters (epsilon = 5.000)
Perform nearest neighbor interchange...
Optimizing NNI: done in 0.166222 secs using 95.2% CPU
Estimate model parameters (epsilon = 1.000)
1. Initial log-likelihood: -18517.251
2. Current log-likelihood: -18516.096
Optimal log-likelihood: -18515.071
Rate parameters:  A-C: 4.16764  A-G: 14.03324  A-T: 2.27348  C-G: 0.76437  C-T: 22.04249  G-T: 1.00000
Base frequencies:  A: 0.312  C: 0.246  G: 0.163  T: 0.280
Proportion of invariable sites: 0.413
Gamma shape alpha: 0.439
Parameters optimization took 2 rounds (0.190 sec)
Time for fast ML tree search: 0.990 seconds

NOTE: ModelFinder requires 17 MB RAM!
ModelFinder will test up to 484 DNA models (sample size: 2697) ...
 No. Model         -LnL         df  AIC          AICc         BIC
  1  GTR+F         21026.598    127 42307.196    42319.852    43056.483
  2  GTR+F+I       18945.495    128 38146.991    38159.851    38902.178
  3  GTR+F+G4      18584.365    128 37424.731    37437.591    38179.917
  4  GTR+F+I+G4    18506.946    129 37271.892    37284.958    38032.979
  5  GTR+F+R2      18698.367    129 37654.734    37667.800    38415.820
  6  GTR+F+R3      18641.174    131 37544.349    37557.832    38317.235
  7  GTR+F+R4      18509.936    133 37285.872    37299.779    38070.558
  8  GTR+F+R5      18483.168    135 37236.336    37250.674    38032.822
  9  GTR+F+R6      18482.917    137 37239.834    37254.610    38048.120
 14  GTR+F+I+I+R2  18530.953    130 37321.907    37335.181    38088.893
 15  GTR+F+I+I+R3  18480.647    132 37225.293    37238.988    38004.080
 16  GTR+F+I+I+R4  18479.421    134 37226.842    37240.964    38017.428
 37  SYM+I+I+R3    18568.106    129 37394.212    37407.277    38155.298
 59  TVM+F+I+I+R3  18512.556    131 37287.111    37300.594    38059.998
 81  TVMe+I+I+R3   18683.266    128 37622.532    37635.392    38377.719
103  TIM3+F+I+I+R3 18540.340    130 37340.681    37353.954    38107.667
125  TIM3e+I+I+R3  18732.960    127 37719.920    37732.575    38469.206
147  TIM2+F+I+I+R3 18491.973    130 37243.945    37257.219    38010.931
169  TIM2e+I+I+R3  18576.551    127 37407.103    37419.758    38156.389
191  TIM+F+I+I+R3  18530.053    130 37320.105    37333.379    38087.092
213  TIMe+I+I+R3   18708.615    127 37671.231    37683.886    38420.518
235  TPM3u+F+I+I+R3 18569.740    129 37397.481    37410.546    38158.567
257  TPM3+I+I+R3   18864.230    126 37980.460    37992.913    38723.847
279  TPM2u+F+I+I+R3 18523.098    129 37304.197    37317.263    38065.283
301  TPM2+I+I+R3   18690.966    126 37633.932    37646.385    38377.319
323  K3Pu+F+I+I+R3 18559.241    129 37376.483    37389.549    38137.569
345  K3P+I+I+R3    18838.805    126 37929.610    37942.063    38672.997
367  TN+F+I+I+R3   18545.914    129 37349.829    37362.895    38110.915
389  TNe+I+I+R3    18734.580    126 37721.160    37733.613    38464.547
411  HKY+F+I+I+R3  18574.292    128 37404.584    37417.444    38159.771
433  K2P+I+I+R3    18865.118    125 37980.236    37992.489    38717.723
455  F81+F+I+I+R3  19835.274    127 39924.549    39937.204    40673.836
477  JC+I+I+R3     20012.314    124 40272.627    40284.680    41004.214
Akaike Information Criterion:           GTR+F+I+I+R3
Corrected Akaike Information Criterion: GTR+F+I+I+R3
Bayesian Information Criterion:         GTR+F+I+I+R3
Best-fit model: GTR+F+I+I+R3 chosen according to BIC

All model information printed to siler_2013.nex.model.gz
CPU time for ModelFinder: 50.581 seconds (0h:0m:50s)
Wall-clock time for ModelFinder: 50.856 seconds (0h:0m:50s)

NOTE: 5 MB RAM (0 GB) is required!
Estimate model parameters (epsilon = 0.100)
1. Initial log-likelihood: -18480.647
Optimal log-likelihood: -18480.609
Rate parameters:  A-C: 3.74671  A-G: 12.55686  A-T: 2.12856  C-G: 0.70444  C-T: 21.94751  G-T: 1.00000
Base frequencies:  A: 0.312  C: 0.246  G: 0.163  T: 0.280
Proportion of invariable sites: 0.555
Site proportion and rates:  (0.245,0.528) (0.158,3.141) (0.041,9.113)
Parameters optimization took 1 rounds (0.085 sec)
Wrote distance file to... 
Computing ML distances based on estimated model parameters...
Calculating distance matrix: done in 0.0188284 secs using 99.96% CPU
Computing ML distances took 0.019112 sec (of wall-clock time) 0.019105 sec (of CPU time)
Setting up auxiliary I and S matrices: done in 0.000316152 secs using 99.32% CPU
Constructing RapidNJ tree: done in 0.00129764 secs using 156.7% CPU
Computing RapidNJ tree took 0.001669 sec (of wall-clock time) 0.002408 sec (of CPU time)
Log-likelihood of RapidNJ tree: -18922.793
--------------------------------------------------------------------
|             INITIALIZING CANDIDATE TREE SET                      |
--------------------------------------------------------------------
Generating 98 parsimony trees... 1.052 second
Computing log-likelihood of 98 initial trees ... 1.282 seconds
Current best score: -18480.609

Do NNI search on 20 best initial trees
Optimizing NNI: done in 0.0657784 secs using 99.99% CPU
Estimate model parameters (epsilon = 0.100)
BETTER TREE FOUND at iteration 1: -18480.361
Optimizing NNI: done in 0.203337 secs using 98% CPU
Estimate model parameters (epsilon = 0.100)
BETTER TREE FOUND at iteration 2: -18467.800
Optimizing NNI: done in 0.19237 secs using 91.65% CPU
BETTER TREE FOUND at iteration 3: -18467.799
Optimizing NNI: done in 0.209785 secs using 98.08% CPU
Estimate model parameters (epsilon = 0.100)
BETTER TREE FOUND at iteration 4: -18467.678
Optimizing NNI: done in 0.201134 secs using 94.01% CPU
Optimizing NNI: done in 0.186214 secs using 97.83% CPU
Optimizing NNI: done in 0.200297 secs using 95.97% CPU
Estimate model parameters (epsilon = 0.100)
BETTER TREE FOUND at iteration 7: -18464.797
Optimizing NNI: done in 0.208233 secs using 96.12% CPU
BETTER TREE FOUND at iteration 8: -18464.795
Optimizing NNI: done in 0.214956 secs using 96.28% CPU
Optimizing NNI: done in 0.223652 secs using 96.4% CPU
Estimate model parameters (epsilon = 0.100)
BETTER TREE FOUND at iteration 10: -18464.399
Iteration 10 / LogL: -18464.399 / Time: 0h:0m:5s
Optimizing NNI: done in 0.234466 secs using 98.28% CPU
Optimizing NNI: done in 0.231799 secs using 99.96% CPU
Optimizing NNI: done in 0.225839 secs using 98.22% CPU
Optimizing NNI: done in 0.226557 secs using 98.17% CPU
Optimizing NNI: done in 0.234561 secs using 98.29% CPU
Optimizing NNI: done in 0.213248 secs using 90.62% CPU
Optimizing NNI: done in 0.224371 secs using 96.39% CPU
Optimizing NNI: done in 0.196034 secs using 93.86% CPU
Optimizing NNI: done in 0.217848 secs using 100% CPU
Optimizing NNI: done in 0.213387 secs using 96.19% CPU
Iteration 20 / LogL: -18464.802 / Time: 0h:0m:7s
Finish initializing candidate tree set (14)
Current best tree score: -18464.399 / CPU time: 7.045
Number of iterations: 20
--------------------------------------------------------------------
|               OPTIMIZING CANDIDATE TREE SET                      |
--------------------------------------------------------------------
Optimizing NNI: done in 0.306879 secs using 89.57% CPU
Optimizing NNI: done in 0.3025 secs using 99.93% CPU
Optimizing NNI: done in 0.277603 secs using 94.21% CPU
Optimizing NNI: done in 0.238307 secs using 99.99% CPU
BETTER TREE FOUND at iteration 24: -18464.394
Optimizing NNI: done in 0.265556 secs using 95.46% CPU
UPDATE BEST LOG-LIKELIHOOD: -18464.391
Optimizing NNI: done in 0.262307 secs using 98.44% CPU
Optimizing NNI: done in 0.295022 secs using 97.25% CPU
Optimizing NNI: done in 0.237483 secs using 99.92% CPU
Optimizing NNI: done in 0.306729 secs using 97.37% CPU
BETTER TREE FOUND at iteration 29: -18464.390
Optimizing NNI: done in 0.308316 secs using 93.5% CPU
Iteration 30 / LogL: -18464.536 / Time: 0h:0m:10s (0h:0m:34s left)
Optimizing NNI: done in 0.222708 secs using 94.57% CPU
Optimizing NNI: done in 0.274122 secs using 98.51% CPU
Optimizing NNI: done in 0.260027 secs using 95.37% CPU
Optimizing NNI: done in 0.286857 secs using 97.2% CPU
Optimizing NNI: done in 0.304228 secs using 98.64% CPU
Optimizing NNI: done in 0.332837 secs using 96.39% CPU
Optimizing NNI: done in 0.271343 secs using 98.48% CPU
UPDATE BEST LOG-LIKELIHOOD: -18464.390
Optimizing NNI: done in 0.281684 secs using 97.16% CPU
Optimizing NNI: done in 0.278714 secs using 98.51% CPU
Optimizing NNI: done in 0.277832 secs using 98.54% CPU
Iteration 40 / LogL: -18464.401 / Time: 0h:0m:12s (0h:0m:29s left)
Optimizing NNI: done in 0.271841 secs using 95.52% CPU
Optimizing NNI: done in 0.2494 secs using 96.79% CPU
Optimizing NNI: done in 0.278566 secs using 89.9% CPU
Optimizing NNI: done in 0.300364 secs using 99.98% CPU
Optimizing NNI: done in 0.268487 secs using 97.01% CPU
Optimizing NNI: done in 0.295166 secs using 98.62% CPU
Optimizing NNI: done in 0.273262 secs using 89.75% CPU
Optimizing NNI: done in 0.216138 secs using 94.41% CPU
Optimizing NNI: done in 0.217971 secs using 90.81% CPU
Optimizing NNI: done in 0.322878 secs using 95.01% CPU
Iteration 50 / LogL: -18464.390 / Time: 0h:0m:15s (0h:0m:25s left)
Optimizing NNI: done in 0.260174 secs using 95.4% CPU
Optimizing NNI: done in 0.283019 secs using 95.72% CPU
Optimizing NNI: done in 0.241726 secs using 99.96% CPU
Optimizing NNI: done in 0.278833 secs using 100% CPU
Optimizing NNI: done in 0.243187 secs using 99.96% CPU
Optimizing NNI: done in 0.236114 secs using 94.91% CPU
Optimizing NNI: done in 0.236772 secs using 98.23% CPU
Optimizing NNI: done in 0.308286 secs using 96.08% CPU
Optimizing NNI: done in 0.318369 secs using 94.93% CPU
Optimizing NNI: done in 0.307247 secs using 97.35% CPU
Iteration 60 / LogL: -18464.396 / Time: 0h:0m:18s (0h:0m:21s left)
Optimizing NNI: done in 0.228416 secs using 94.71% CPU
Optimizing NNI: done in 0.252857 secs using 93.66% CPU
Optimizing NNI: done in 0.244486 secs using 98.27% CPU
Optimizing NNI: done in 0.21961 secs using 96.34% CPU
Optimizing NNI: done in 0.255931 secs using 95.31% CPU
Optimizing NNI: done in 0.265287 secs using 96.97% CPU
Optimizing NNI: done in 0.27771 secs using 98.47% CPU
Optimizing NNI: done in 0.324678 secs using 97.49% CPU
Optimizing NNI: done in 0.348174 secs using 95.18% CPU
Optimizing NNI: done in 0.391244 secs using 97.88% CPU
Iteration 70 / LogL: -18464.395 / Time: 0h:0m:21s (0h:0m:18s left)
Optimizing NNI: done in 0.306533 secs using 98.61% CPU
Optimizing NNI: done in 0.314789 secs using 94.85% CPU
Optimizing NNI: done in 0.312077 secs using 93.53% CPU
Optimizing NNI: done in 0.302462 secs using 97.18% CPU
Optimizing NNI: done in 0.2651 secs using 98.44% CPU
Optimizing NNI: done in 0.318281 secs using 96.2% CPU
Optimizing NNI: done in 0.303583 secs using 94.65% CPU
Optimizing NNI: done in 0.299042 secs using 97.22% CPU
Optimizing NNI: done in 0.267959 secs using 98.5% CPU
Optimizing NNI: done in 0.303661 secs using 97.35% CPU
Iteration 80 / LogL: -18464.390 / Time: 0h:0m:24s (0h:0m:15s left)
Optimizing NNI: done in 0.251543 secs using 98.39% CPU
Optimizing NNI: done in 0.364364 secs using 97.67% CPU
Optimizing NNI: done in 0.24629 secs using 95.09% CPU
Optimizing NNI: done in 0.317955 secs using 94.37% CPU
Optimizing NNI: done in 0.314988 secs using 94.87% CPU
Optimizing NNI: done in 0.248455 secs using 95.16% CPU
Optimizing NNI: done in 0.261562 secs using 98.46% CPU
Optimizing NNI: done in 0.24278 secs using 99.98% CPU
Optimizing NNI: done in 0.238187 secs using 98.31% CPU
Optimizing NNI: done in 0.246621 secs using 98.38% CPU
Iteration 90 / LogL: -18464.406 / Time: 0h:0m:27s (0h:0m:11s left)
Optimizing NNI: done in 0.2971 secs using 93.26% CPU
Optimizing NNI: done in 0.275588 secs using 95.64% CPU
Optimizing NNI: done in 0.261503 secs using 90.77% CPU
Optimizing NNI: done in 0.313584 secs using 96.18% CPU
Optimizing NNI: done in 0.219994 secs using 98.15% CPU
Optimizing NNI: done in 0.290472 secs using 98.61% CPU
Optimizing NNI: done in 0.276869 secs using 100% CPU
Optimizing NNI: done in 0.274763 secs using 99.99% CPU
Optimizing NNI: done in 0.286011 secs using 95.81% CPU
Optimizing NNI: done in 0.252813 secs using 95.19% CPU
Iteration 100 / LogL: -18464.404 / Time: 0h:0m:29s (0h:0m:8s left)
Optimizing NNI: done in 0.262232 secs using 95.42% CPU
Optimizing NNI: done in 0.250011 secs using 98.37% CPU
Optimizing NNI: done in 0.223424 secs using 94.57% CPU
Optimizing NNI: done in 0.293354 secs using 99.99% CPU
Optimizing NNI: done in 0.294085 secs using 94.54% CPU
Optimizing NNI: done in 0.282178 secs using 99.96% CPU
Optimizing NNI: done in 0.330635 secs using 97.53% CPU
Optimizing NNI: done in 0.334179 secs using 98.76% CPU
Optimizing NNI: done in 0.226978 secs using 98.23% CPU
Optimizing NNI: done in 0.349081 secs using 96.54% CPU
Iteration 110 / LogL: -18464.390 / Time: 0h:0m:32s (0h:0m:5s left)
Optimizing NNI: done in 0.21129 secs using 96.15% CPU
Optimizing NNI: done in 0.28802 secs using 98.57% CPU
Optimizing NNI: done in 0.246238 secs using 96.69% CPU
Optimizing NNI: done in 0.196301 secs using 97.88% CPU
Optimizing NNI: done in 0.312626 secs using 96.11% CPU
Optimizing NNI: done in 0.263805 secs using 98.48% CPU
Optimizing NNI: done in 0.265028 secs using 95.47% CPU
Optimizing NNI: done in 0.272251 secs using 94.12% CPU
Optimizing NNI: done in 0.30716 secs using 94.79% CPU
Optimizing NNI: done in 0.195252 secs using 97.92% CPU
Iteration 120 / LogL: -18464.536 / Time: 0h:0m:35s (0h:0m:2s left)
Optimizing NNI: done in 0.306626 secs using 96.08% CPU
Optimizing NNI: done in 0.317099 secs using 100% CPU
Optimizing NNI: done in 0.287467 secs using 98.6% CPU
Optimizing NNI: done in 0.280173 secs using 95.7% CPU
UPDATE BEST LOG-LIKELIHOOD: -18464.390
Optimizing NNI: done in 0.242262 secs using 98.32% CPU
Optimizing NNI: done in 0.329248 secs using 93.94% CPU
Optimizing NNI: done in 0.219752 secs using 96.33% CPU
Optimizing NNI: done in 0.320391 secs using 97.5% CPU
Optimizing NNI: done in 0.284455 secs using 92.97% CPU
Optimizing NNI: done in 0.285417 secs using 95.79% CPU
Iteration 130 / LogL: -18464.398 / Time: 0h:0m:38s (0h:0m:-1s left)
TREE SEARCH COMPLETED AFTER 130 ITERATIONS / Time: 0h:0m:38s

--------------------------------------------------------------------
|                    FINALIZING TREE SEARCH                        |
--------------------------------------------------------------------
Performs final model parameters optimization
Estimate model parameters (epsilon = 0.010)
1. Initial log-likelihood: -18464.390
Optimal log-likelihood: -18464.385
Rate parameters:  A-C: 3.69519  A-G: 12.39948  A-T: 2.03981  C-G: 0.74232  C-T: 22.03083  G-T: 1.00000
Base frequencies:  A: 0.312  C: 0.246  G: 0.163  T: 0.280
Proportion of invariable sites: 0.560
Site proportion and rates:  (0.243,0.547) (0.157,3.167) (0.041,9.095)
Parameters optimization took 1 rounds (0.067 sec)
BEST SCORE FOUND : -18464.385
Total tree length: 2.478

Total number of iterations: 130
CPU time used for tree search: 36.808 sec (0h:0m:36s)
Wall-clock time used for tree search: 37.994 sec (0h:0m:37s)
Total CPU time used: 37.115 sec (0h:0m:37s)
Total wall-clock time used: 38.290 sec (0h:0m:38s)

Analysis results written to: 
  IQ-TREE report:                siler_2013.nex.iqtree
  Maximum-likelihood tree:       siler_2013.nex.treefile
  Likelihood distances:          siler_2013.nex.mldist
  Screen log file:               siler_2013.nex.log

Date and Time: Mon Mar 13 23:07:19 2023
