IQ-TREE multicore version 1.6.12 for Linux 64-bit built Aug 15 2019
Developed by Bui Quang Minh, Nguyen Lam Tung, Olga Chernomor,
Heiko Schmidt, Dominik Schrempf, Michael Woodhams.

Host:    rabi (SSE4.2, 15 GB RAM)
Command: ../../iqtree -s worobey_2014a.nex -m TEST -bb 1000 -alrt 1000
Seed:    520873 (Using SPRNG - Scalable Parallel Random Number Generator)
Time:    Mon Mar 13 22:38:08 2023
Kernel:  SSE2 - 1 threads (24 CPU cores detected)

HINT: Use -nt option to specify number of threads because your CPU has 24 cores!
HINT: -nt AUTO will automatically determine the best number of threads to use.

Reading alignment file worobey_2014a.nex ... Nexus format detected
Skipping unknown block (SETS)...
Alignment has 146 sequences with 1716 columns, 953 distinct patterns
824 parsimony-informative, 135 singleton sites, 757 constant sites
WARNING: Some sequence names are changed as follows:
1935|Avian|A/chicken/Brescia/1902_Italy|H7N7 -> 1935_Avian_A_chicken_Brescia_1902_Italy_H7N7
1934|Avian|A/chicken/Rostock/45/1934_Germany|H7N1 -> 1934_Avian_A_chicken_Rostock_45_1934_Germany_H7N1
1945|Avian|A/fowl/Egypt/45_Egypt|H7N1 -> 1945_Avian_A_fowl_Egypt_45_Egypt_H7N1
1976|Avian|A/chicken/Victoria/1976_Australia|H7N1 -> 1976_Avian_A_chicken_Victoria_1976_Australia_H7N1
1963|Avian|A/turkey/England/1963_United_Kingdom|H7N3 -> 1963_Avian_A_turkey_England_1963_United_Kingdom_H7N3
1971|Avian|A/turkey/Oregon/1971_USA|H7N3 -> 1971_Avian_A_turkey_Oregon_1971_USA_H7N3
1972|Avian|A/duck/Hongkong/301/72_Hong_Kong|H7N1 -> 1972_Avian_A_duck_Hongkong_301_72_Hong_Kong_H7N1
1973|Avian|A/parrot/Northern_Ireland/VF-73-67/73_United_Kingdom|H7N1 -> 1973_Avian_A_parrot_Northern_Ireland_VF-73-67_73_United_Kingdom_H7N1
1976|Avian|A/duck/Alberta/49/1976_Canada|H7N? -> 1976_Avian_A_duck_Alberta_49_1976_Canada_H7N_
1976|Avian|A/duck/Victoria/1976_Australia|H7N7 -> 1976_Avian_A_duck_Victoria_1976_Australia_H7N7
1977|Avian|A/blue-winged_teal/ALB/295/1977_Canada|H7N3 -> 1977_Avian_A_blue-winged_teal_ALB_295_1977_Canada_H7N3
1977|Avian|A/mallard_duck/ALB/224/1977_Canada|H7N5 -> 1977_Avian_A_mallard_duck_ALB_224_1977_Canada_H7N5
1977|Avian|A/turkey/England/647/77_United_Kingdom|H7N7 -> 1977_Avian_A_turkey_England_647_77_United_Kingdom_H7N7
1977|Avian|A/widgeon/Alberta/284/1977_Canada|H7N3 -> 1977_Avian_A_widgeon_Alberta_284_1977_Canada_H7N3
1978|Avian|A/duck/Hong_Kong/293/1978_Hong_Kong|H7N2 -> 1978_Avian_A_duck_Hong_Kong_293_1978_Hong_Kong_H7N2
1978|Avian|A/duck/Hong_Kong/301/1978_Hong_Kong|H7N2 -> 1978_Avian_A_duck_Hong_Kong_301_1978_Hong_Kong_H7N2
1979|Avian|A/African_starling/England-Q/983/1979_United_Kingdom|H7N1 -> 1979_Avian_A_African_starling_England-Q_983_1979_United_Kingdom_H7N1
1979|Avian|A/chicken/Germany/01/1979_Germany|H7N7 -> 1979_Avian_A_chicken_Germany_01_1979_Germany_H7N7
1979|Avian|A/pintail/Alberta/21/1979_Canada|H7N? -> 1979_Avian_A_pintail_Alberta_21_1979_Canada_H7N_
1979|Avian|A/turkey/England/192-328/79_United_Kingdom|H7N3 -> 1979_Avian_A_turkey_England_192-328_79_United_Kingdom_H7N3
1979|Avian|A/turkey/Israel/Ramon/79_Israel|H7N2 -> 1979_Avian_A_turkey_Israel_Ramon_79_Israel_H7N2
1979|Avian|A/turkey/Tennessee/1/1979_USA|H7N3 -> 1979_Avian_A_turkey_Tennessee_1_1979_USA_H7N3
1980|Avian|A/duck/Potsdam/15/1980_Germany|H7N7 -> 1980_Avian_A_duck_Potsdam_15_1980_Germany_H7N7
1980|Avian|A/macaw/England/626/80_United_Kingdom|H7N7 -> 1980_Avian_A_macaw_England_626_80_United_Kingdom_H7N7
1980|Avian|A/pheasant/Minnesota/917/1980_USA|H7N3 -> 1980_Avian_A_pheasant_Minnesota_917_1980_USA_H7N3
1980|Avian|A/turkey/Minnesota/1138/1980_USA|H7N3 -> 1980_Avian_A_turkey_Minnesota_1138_1980_USA_H7N3
1980|Avian|A/turkey/Minnesota/1200/1980_USA|H7N3 -> 1980_Avian_A_turkey_Minnesota_1200_1980_USA_H7N3
1982|Avian|A/chicken/England/71/82_United_Kingdom|H7N1 -> 1982_Avian_A_chicken_England_71_82_United_Kingdom_H7N1
1982|Avian|A/turkey/MN/24552/1982_USA|H7N3 -> 1982_Avian_A_turkey_MN_24552_1982_USA_H7N3
1985|Avian|A/chicken/Victoria/1/1985_Australia|H7N7 -> 1985_Avian_A_chicken_Victoria_1_1985_Australia_H7N7
1985|Avian|A/duck/Hubei/126/1985_China|H7N8 -> 1985_Avian_A_duck_Hubei_126_1985_China_H7N8
1985|Avian|A/green-winged_teal/ALB/228/1985_Canada|H7N3 -> 1985_Avian_A_green-winged_teal_ALB_228_1985_Canada_H7N3
1985|Avian|A/mallard_duck/Alberta/435/1985_Canada|H7N3 -> 1985_Avian_A_mallard_duck_Alberta_435_1985_Canada_H7N3
1985|Avian|A/starling/Victoria/1985_Australia|H7N7 -> 1985_Avian_A_starling_Victoria_1985_Australia_H7N7
1986|Avian|A/duck/Heinersdorf/S495/6/86_Germany|H7N7 -> 1986_Avian_A_duck_Heinersdorf_S495_6_86_Germany_H7N7
1987|Avian|A/chicken/Jena/1816/87_Germany|H7N7 -> 1987_Avian_A_chicken_Jena_1816_87_Germany_H7N7
1987|Avian|A/mallard/Ohio/421/1987_USA|H7N8 -> 1987_Avian_A_mallard_Ohio_421_1987_USA_H7N8
1988|Avian|A/ruddy_turnstone/DE/2378/1988_USA|H7N7 -> 1988_Avian_A_ruddy_turnstone_DE_2378_1988_USA_H7N7
1988|Avian|A/turkey/Minnesota/1/1988_USA|H7N9 -> 1988_Avian_A_turkey_Minnesota_1_1988_USA_H7N9
1989|Avian|A/non-psittacine/England-Q/1985/89_United_Kingdom|H7N7 -> 1989_Avian_A_non-psittacine_England-Q_1985_89_United_Kingdom_H7N7
1989|Avian|A/red_knot/NJ/325/1989_USA|H7N7 -> 1989_Avian_A_red_knot_NJ_325_1989_USA_H7N7
1991|Avian|A/ostrich/South_Africa/1991_South_Africa|H7N1 -> 1991_Avian_A_ostrich_South_Africa_1991_South_Africa_H7N1
1991|Avian|A/psittacine/Italy/1/91_Italy|H7N2 -> 1991_Avian_A_psittacine_Italy_1_91_Italy_H7N2
1992|Avian|A/chicken/Victoria/1/92_Australia|H7N3 -> 1992_Avian_A_chicken_Victoria_1_92_Australia_H7N3
1992|Avian|A/duck/Nanchang/1904/1992_China|H7N1 -> 1992_Avian_A_duck_Nanchang_1904_1992_China_H7N1
1992|Avian|A/softbill/CA/33445-158/1992_USA|H7N1 -> 1992_Avian_A_softbill_CA_33445-158_1992_USA_H7N1
1993|Avian|A/duck/Alaska/3111/1993_USA|H7N3 -> 1993_Avian_A_duck_Alaska_3111_1993_USA_H7N3
1993|Avian|A/gull/Italy/692-2/93_Italy|H7N2 -> 1993_Avian_A_gull_Italy_692-2_93_Italy_H7N2
1993|Avian|A/rhea/North_Carolina/39482/1993_USA|H7N1 -> 1993_Avian_A_rhea_North_Carolina_39482_1993_USA_H7N1
1994|Avian|A/Chicken/New_York/13142-5/94__USA|H7N2 -> 1994_Avian_A_Chicken_New_York_13142-5_94__USA_H7N2
1994|Avian|A/chicken/Queensland/1994_Australia|H7N3 -> 1994_Avian_A_chicken_Queensland_1994_Australia_H7N3
1994|Avian|A/parakeet/Netherlands/267497/94_Netherlands|H7N1 -> 1994_Avian_A_parakeet_Netherlands_267497_94_Netherlands_H7N1
1994|Avian|A/shorebird/Delaware_Bay/274/1994_USA|H7N5 -> 1994_Avian_A_shorebird_Delaware_Bay_274_1994_USA_H7N5
1994|Avian|A/turkey/New_York/4450-5/1994_USA|H7N2 -> 1994_Avian_A_turkey_New_York_4450-5_1994_USA_H7N2
1995|Avian|A/Chicken/New_York/13833-7/95__USA|H7N2 -> 1995_Avian_A_Chicken_New_York_13833-7_95__USA_H7N2
1995|Avian|A/chicken/Queensland/667/95_Australia|H7N3 -> 1995_Avian_A_chicken_Queensland_667_95_Australia_H7N3
1995|Avian|A/common_iora_/Singapore/F89/95_Singapore|H7N1 -> 1995_Avian_A_common_iora__Singapore_F89_95_Singapore_H7N1
1995|Avian|A/emu/TX/25414/1995_USA|H7N2 -> 1995_Avian_A_emu_TX_25414_1995_USA_H7N2
1996|Avian|A/Chicken/New_York/8030-2/96__USA|H7N2 -> 1996_Avian_A_Chicken_New_York_8030-2_96__USA_H7N2
1996|Avian|A/Guinea_Fowl/Pennsylvania/7777-1/96_USA|H7N2 -> 1996_Avian_A_Guinea_Fowl_Pennsylvania_7777-1_96_USA_H7N2
1996|Avian|A/ostrich/South_Africa/M320/96_South_Africa|H7N7 -> 1996_Avian_A_ostrich_South_Africa_M320_96_South_Africa_H7N7
1996|Avian|A/ruddy_turnstone/Delaware_Bay/135/1996_USA|H7N3 -> 1996_Avian_A_ruddy_turnstone_Delaware_Bay_135_1996_USA_H7N3
1997|Avian|A/chicken/New_South_Wales/2/1997_Australia|H7N4 -> 1997_Avian_A_chicken_New_South_Wales_2_1997_Australia_H7N4
1997|Avian|A/chicken/PA/19241/1997_USA|H7N2 -> 1997_Avian_A_chicken_PA_19241_1997_USA_H7N2
1997|Avian|A/emu/New_South_Wales/775/1997_Australia|H7N4 -> 1997_Avian_A_emu_New_South_Wales_775_1997_Australia_H7N4
1998|Avian|A/chicken/NY/1387-8/98_USA|H7N2 -> 1998_Avian_A_chicken_NY_1387-8_98_USA_H7N2
1998|Avian|A/goose/NY/8600-3/1998_USA|H7N2 -> 1998_Avian_A_goose_NY_8600-3_1998_USA_H7N2
1998|Avian|A/Mallard/Ohio/322/1998_USA|H7N3 -> 1998_Avian_A_Mallard_Ohio_322_1998_USA_H7N3
1998|Avian|A/turkey/Northern_Ireland/VF-1545_C5/98_United_Kingdom|H7N7 -> 1998_Avian_A_turkey_Northern_Ireland_VF-1545_C5_98_United_Kingdom_H7N7
1999|Avian|A/chicken/NJ/16224-6/1999_USA|H7N2 -> 1999_Avian_A_chicken_NJ_16224-6_1999_USA_H7N2
1999|Avian|A/Chicken/NY/14714-2/1999_USA|H7N3 -> 1999_Avian_A_Chicken_NY_14714-2_1999_USA_H7N3
1999|Avian|A/chicken/NY/34173-3/99_USA|H7N2 -> 1999_Avian_A_chicken_NY_34173-3_99_USA_H7N2
1999|Avian|A/pintail/Minnesota/423/1999_USA|H7N3 -> 1999_Avian_A_pintail_Minnesota_423_1999_USA_H7N3
1999|Avian|A/swan/Shimane/42/1999_Japan|H7N8 -> 1999_Avian_A_swan_Shimane_42_1999_Japan_H7N8
1999|Avian|A/turkey/Italy/4617/1999_Italy|H7N1 -> 1999_Avian_A_turkey_Italy_4617_1999_Italy_H7N1
2000|Avian|A/chicken/NY/30749-3/2000_USA|H7N2 -> 2000_Avian_A_chicken_NY_30749-3_2000_USA_H7N2
2000|Avian|A/mallard/Netherlands/12/2000_Netherlands|H7N3 -> 2000_Avian_A_mallard_Netherlands_12_2000_Netherlands_H7N3
2000|Avian|A/ruddy_turnstone/DE/1538/2000_USA|H7N9 -> 2000_Avian_A_ruddy_turnstone_DE_1538_2000_USA_H7N9
2000|Avian|A/turkey/Italy/4426/2000_Italy|H7N1 -> 2000_Avian_A_turkey_Italy_4426_2000_Italy_H7N1
2001|Avian|A/Black_Duck/Ohio/415/2001_USA|H7N3 -> 2001_Avian_A_Black_Duck_Ohio_415_2001_USA_H7N3
2001|Avian|A/chicken/Italy/322/2001_Italy|H7N1 -> 2001_Avian_A_chicken_Italy_322_2001_Italy_H7N1
2001|Avian|A/chicken/NY/119256-7/2001_USA|H7N2 -> 2001_Avian_A_chicken_NY_119256-7_2001_USA_H7N2
2001|Avian|A/duck/Mongolia/47/2001_Mongolia|H7N1 -> 2001_Avian_A_duck_Mongolia_47_2001_Mongolia_H7N1
2001|Avian|A/guinea_fowl/NJ/119063-8/2001_USA|H7N2 -> 2001_Avian_A_guinea_fowl_NJ_119063-8_2001_USA_H7N2
2001|Avian|A/mallard/Alberta/22/2001_Canada|H7N3 -> 2001_Avian_A_mallard_Alberta_22_2001_Canada_H7N3
2001|Avian|A/mallard/Italy/33/01_Italy|H7N3 -> 2001_Avian_A_mallard_Italy_33_01_Italy_H7N3
2001|Avian|A/turkey/Germany/R11/2001_Germany|H7N7 -> 2001_Avian_A_turkey_Germany_R11_2001_Germany_H7N7
2002|Avian|A/chicken/NJ/151244-18/02_USA|H7N2 -> 2002_Avian_A_chicken_NJ_151244-18_02_USA_H7N2
2002|Avian|A/chicken/NJ/608/02_USA|H7N2 -> 2002_Avian_A_chicken_NJ_608_02_USA_H7N2
2002|Avian|A/mallard/Italy/250/02_Italy|H7N1 -> 2002_Avian_A_mallard_Italy_250_02_Italy_H7N1
2002|Avian|A/mallard/Sweden/105/2002_Sweden|H7N7 -> 2002_Avian_A_mallard_Sweden_105_2002_Sweden_H7N7
2002|Avian|A/mallard/Sweden/56/2002_Sweden|H7N7 -> 2002_Avian_A_mallard_Sweden_56_2002_Sweden_H7N7
2002|Avian|A/shorebird/Delaware_Bay/53/2002_USA|H7N3 -> 2002_Avian_A_shorebird_Delaware_Bay_53_2002_USA_H7N3
2003|Avian|A/chicken/CT/260413-2/2003_USA|H7N2 -> 2003_Avian_A_chicken_CT_260413-2_2003_USA_H7N2
2003|Avian|A/chicken/Netherlands/1/03_Netherlands|H7N7 -> 2003_Avian_A_chicken_Netherlands_1_03_Netherlands_H7N7
2003|Avian|A/turkey/Italy/2684/2003_Italy|H7N3 -> 2003_Avian_A_turkey_Italy_2684_2003_Italy_H7N3
2004|Avian|A/chicken/DE/HOBO/2004_USA|H7N2 -> 2004_Avian_A_chicken_DE_HOBO_2004_USA_H7N2
2004|Avian|A/chicken/NJ/294508-12/2004_USA|H7N2 -> 2004_Avian_A_chicken_NJ_294508-12_2004_USA_H7N2
2004|Avian|A/duck/Italy/4692-9/2004_Italy|H7N? -> 2004_Avian_A_duck_Italy_4692-9_2004_Italy_H7N_
2004|Avian|A/green-winged_teal/MD/648/2004_USA|H7N3 -> 2004_Avian_A_green-winged_teal_MD_648_2004_USA_H7N3
2004|Avian|A/mallard/Sweden/7206/2004_Sweden|H7N7 -> 2004_Avian_A_mallard_Sweden_7206_2004_Sweden_H7N7
2004|Avian|A/turkey/Italy/3337/2004_Italy|H7N3 -> 2004_Avian_A_turkey_Italy_3337_2004_Italy_H7N3
2005|Avian|A/chicken/Canada/314514-1/2005_Canada|H7N3 -> 2005_Avian_A_chicken_Canada_314514-1_2005_Canada_H7N3
2005|Avian|A/chicken/New_York/23164-6/2005_USA|H7N2 -> 2005_Avian_A_chicken_New_York_23164-6_2005_USA_H7N2
2005|Avian|A/chicken/New_York/79672/2005_USA|H7N2 -> 2005_Avian_A_chicken_New_York_79672_2005_USA_H7N2
2005|Avian|A/mallard/Netherlands/9/2005_Netherlands|H7N7 -> 2005_Avian_A_mallard_Netherlands_9_2005_Netherlands_H7N7
2005|Avian|A/Northern_shoveler/NC/6412-052/2005_USA|H7N6 -> 2005_Avian_A_Northern_shoveler_NC_6412-052_2005_USA_H7N6
2005|Avian|A/turkey/New_York/122501-2/2005_USA|H7N2 -> 2005_Avian_A_turkey_New_York_122501-2_2005_USA_H7N2
2006|Avian|A/chicken/New_York/19495-3/2006_USA|H7N2 -> 2006_Avian_A_chicken_New_York_19495-3_2006_USA_H7N2
2006|Avian|A/guineafowl/NY/4649-18/2006_USA|H7N2 -> 2006_Avian_A_guineafowl_NY_4649-18_2006_USA_H7N2
2006|Avian|A/mallard/Interior_Alaska/6MP0984/2006_USA|H7N3 -> 2006_Avian_A_mallard_Interior_Alaska_6MP0984_2006_USA_H7N3
2006|Avian|A/northern_shoveler/Washington/44249-664/2006_USA|H7N6 -> 2006_Avian_A_northern_shoveler_Washington_44249-664_2006_USA_H7N6
2006|Avian|A/ruddy_turnstone/New_Jersey/549/2006_USA|H7N3 -> 2006_Avian_A_ruddy_turnstone_New_Jersey_549_2006_USA_H7N3
2006|Avian|A/shoveler/Italy/2698-3/2006_Italy|H7N7 -> 2006_Avian_A_shoveler_Italy_2698-3_2006_Italy_H7N7
2006|Avian|A/tufted_duck/PT/13771/2006_Portugal|H7N3 -> 2006_Avian_A_tufted_duck_PT_13771_2006_Portugal_H7N3
2007|Avian|A/cinnamon_teal/California/JN1310/2007_USA|H7N3 -> 2007_Avian_A_cinnamon_teal_California_JN1310_2007_USA_H7N3
2007|Avian|A/duck/Mongolia/720/2007_Mongolia|H7N6 -> 2007_Avian_A_duck_Mongolia_720_2007_Mongolia_H7N6
2007|Avian|A/duck/Victoria/512/2007_Australia_c1997|H7N6 -> 2007_Avian_A_duck_Victoria_512_2007_Australia_c1997_H7N6
2007|Avian|A/mallard/Netherlands/22/2007_Netherlands|H7N1 -> 2007_Avian_A_mallard_Netherlands_22_2007_Netherlands_H7N1
2007|Avian|A/ruddy_turnstone/Delaware_Bay/124/2007_USA|H7N3 -> 2007_Avian_A_ruddy_turnstone_Delaware_Bay_124_2007_USA_H7N3
2007|Avian|A/turkey/Italy/5425/2007_Italy|H7N3 -> 2007_Avian_A_turkey_Italy_5425_2007_Italy_H7N3
2008|Avian|A/Anas_crecca/Spain/1460/2008_Spain|H7N9 -> 2008_Avian_A_Anas_crecca_Spain_1460_2008_Spain_H7N9
2008|Avian|A/blue-winged_teal/Guatemala/CIP049-01/2008_Guatemala|H7N9 -> 2008_Avian_A_blue-winged_teal_Guatemala_CIP049-01_2008_Guatemala_H7N9
2008|Avian|A/northern_shoveler/California/HKWF2031/2008_USA|H7N3 -> 2008_Avian_A_northern_shoveler_California_HKWF2031_2008_USA_H7N3
2009|Avian|A/green-winged_teal/California/1841/2009_USA|H7N3 -> 2009_Avian_A_green-winged_teal_California_1841_2009_USA_H7N3
2009|Avian|A/swan/Slovenia/53/2009_Slovenia|H7N7 -> 2009_Avian_A_swan_Slovenia_53_2009_Slovenia_H7N7
2001|Avian|A/cinnamon_teal/Bolivia/4537/2001_Bolivia|H7N3 -> 2001_Avian_A_cinnamon_teal_Bolivia_4537_2001_Bolivia_H7N3
2002|Avian|A/chicken/Chile/176822/02_Chile|H7N3 -> 2002_Avian_A_chicken_Chile_176822_02_Chile_H7N3
2002|Avian|A/chicken/Chile/184240-1/2002_Chile|H7N3 -> 2002_Avian_A_chicken_Chile_184240-1_2002_Chile_H7N3
2002|Avian|A/chicken/Chile/4977/02_Chile|H7N3 -> 2002_Avian_A_chicken_Chile_4977_02_Chile_H7N3
2002|Avian|A/turkey/Chile/4418/02_Chile|H7N3 -> 2002_Avian_A_turkey_Chile_4418_02_Chile_H7N3
1956|Equine|A/equine/Prague/1/1956_Czech_Republic|H7N7 -> 1956_Equine_A_equine_Prague_1_1956_Czech_Republic_H7N7
1956|Equine|A/equine/Prague/2/1956_Czech_Republic|H7N7 -> 1956_Equine_A_equine_Prague_2_1956_Czech_Republic_H7N7
1964|Equine|A/equine/Detroit/1/64_USA|H7N7 -> 1964_Equine_A_equine_Detroit_1_64_USA_H7N7
1966|Equine|A/equine/Lexington/1/1966_USA|H7N7 -> 1966_Equine_A_equine_Lexington_1_1966_USA_H7N7
1972|Equine|A/equine/Switzerland/137/72_Switzerland|H7N7 -> 1972_Equine_A_equine_Switzerland_137_72_Switzerland_H7N7
1973|Equine|A/equine/Cambridge/1/73_United_Kingdom|H7N7 -> 1973_Equine_A_equine_Cambridge_1_73_United_Kingdom_H7N7
1973|Equine|A/equine/London/1416/1973_United_Kingdom|H7N7 -> 1973_Equine_A_equine_London_1416_1973_United_Kingdom_H7N7
1974|Equine|A/equine/Cornell/16/74_USA|H7N7 -> 1974_Equine_A_equine_Cornell_16_74_USA_H7N7
1975|Equine|A/equine/Kentucky/1a/1975_USA|H7N7 -> 1975_Equine_A_equine_Kentucky_1a_1975_USA_H7N7
1976|Equine|A/equine/Sao_Paulo/1/76_Brazil|H7N7 -> 1976_Equine_A_equine_Sao_Paulo_1_76_Brazil_H7N7
1976|Equine|A/equine/Sao_Paulo/4/1976_Brazil|H7N7 -> 1976_Equine_A_equine_Sao_Paulo_4_1976_Brazil_H7N7
1976|Equine|A/equine/Uruguay/1063/1976_Uruguay|H7N7 -> 1976_Equine_A_equine_Uruguay_1063_1976_Uruguay_H7N7
1977|Equine|A/equine/Argentina/1/1977_Argentina|H7N7 -> 1977_Equine_A_equine_Argentina_1_1977_Argentina_H7N7
1977|Equine|A/equine/Newmarket/1/77_United_Kingdom|H7N7 -> 1977_Equine_A_equine_Newmarket_1_77_United_Kingdom_H7N7
1977|Equine|A/equine/Santiago/77_Chile|H7N7 -> 1977_Equine_A_equine_Santiago_77_Chile_H7N7

                                                                        Gap/Ambiguity  Composition  p-value
   1  1935_Avian_A_chicken_Brescia_1902_Italy_H7N7                              1.40%    passed     99.90%
   2  1934_Avian_A_chicken_Rostock_45_1934_Germany_H7N1                         1.40%    passed     99.12%
   3  1945_Avian_A_fowl_Egypt_45_Egypt_H7N1                                     3.26%    passed     73.81%
   4  1976_Avian_A_chicken_Victoria_1976_Australia_H7N1                         1.40%    passed     48.64%
   5  1963_Avian_A_turkey_England_1963_United_Kingdom_H7N3                      1.57%    passed     87.58%
   6  1971_Avian_A_turkey_Oregon_1971_USA_H7N3                                  1.92%    passed     97.42%
   7  1972_Avian_A_duck_Hongkong_301_72_Hong_Kong_H7N1                          1.92%    passed     87.94%
   8  1973_Avian_A_parrot_Northern_Ireland_VF-73-67_73_United_Kingdom_H7N1      1.92%    passed     74.05%
   9  1976_Avian_A_duck_Alberta_49_1976_Canada_H7N_                             1.92%    passed     93.38%
  10  1976_Avian_A_duck_Victoria_1976_Australia_H7N7                            1.92%    passed     43.43%
  11  1977_Avian_A_blue-winged_teal_ALB_295_1977_Canada_H7N3                    1.92%    passed     96.77%
  12  1977_Avian_A_mallard_duck_ALB_224_1977_Canada_H7N5                        1.92%    passed     88.35%
  13  1977_Avian_A_turkey_England_647_77_United_Kingdom_H7N7                    1.92%    passed     85.62%
  14  1977_Avian_A_widgeon_Alberta_284_1977_Canada_H7N3                         1.92%    passed     96.77%
  15  1978_Avian_A_duck_Hong_Kong_293_1978_Hong_Kong_H7N2                       1.92%    passed     87.42%
  16  1978_Avian_A_duck_Hong_Kong_301_1978_Hong_Kong_H7N2                       1.92%    passed     87.42%
  17  1979_Avian_A_African_starling_England-Q_983_1979_United_Kingdom_H7N1      1.92%    passed     87.86%
  18  1979_Avian_A_chicken_Germany_01_1979_Germany_H7N7                         1.22%    passed     87.95%
  19  1979_Avian_A_pintail_Alberta_21_1979_Canada_H7N_                          1.92%    passed     82.29%
  20  1979_Avian_A_turkey_England_192-328_79_United_Kingdom_H7N3                1.92%    passed     92.70%
  21  1979_Avian_A_turkey_Israel_Ramon_79_Israel_H7N2                           1.92%    passed     91.78%
  22  1979_Avian_A_turkey_Tennessee_1_1979_USA_H7N3                             1.92%    passed     93.75%
  23  1980_Avian_A_duck_Potsdam_15_1980_Germany_H7N7                            1.92%    passed     86.17%
  24  1980_Avian_A_macaw_England_626_80_United_Kingdom_H7N7                     1.92%    passed     86.55%
  25  1980_Avian_A_pheasant_Minnesota_917_1980_USA_H7N3                         1.92%    passed     70.78%
  26  1980_Avian_A_turkey_Minnesota_1138_1980_USA_H7N3                          1.92%    passed     86.12%
  27  1980_Avian_A_turkey_Minnesota_1200_1980_USA_H7N3                          1.92%    passed     81.95%
  28  1982_Avian_A_chicken_England_71_82_United_Kingdom_H7N1                    2.62%    passed     78.12%
  29  1982_Avian_A_turkey_MN_24552_1982_USA_H7N3                                1.92%    passed     78.74%
  30  1985_Avian_A_chicken_Victoria_1_1985_Australia_H7N7                       1.40%    passed     78.74%
  31  1985_Avian_A_duck_Hubei_126_1985_China_H7N8                               1.92%    passed     80.35%
  32  1985_Avian_A_green-winged_teal_ALB_228_1985_Canada_H7N3                   1.92%    passed     77.33%
  33  1985_Avian_A_mallard_duck_Alberta_435_1985_Canada_H7N3                    1.92%    passed     87.69%
  34  1985_Avian_A_starling_Victoria_1985_Australia_H7N7                        1.40%    passed     81.88%
  35  1986_Avian_A_duck_Heinersdorf_S495_6_86_Germany_H7N7                      1.92%    passed     95.29%
  36  1987_Avian_A_chicken_Jena_1816_87_Germany_H7N7                            1.92%    passed     99.55%
  37  1987_Avian_A_mallard_Ohio_421_1987_USA_H7N8                               1.92%    passed     80.72%
  38  1988_Avian_A_ruddy_turnstone_DE_2378_1988_USA_H7N7                        1.92%    passed     85.79%
  39  1988_Avian_A_turkey_Minnesota_1_1988_USA_H7N9                             1.92%    passed     93.70%
  40  1989_Avian_A_non-psittacine_England-Q_1985_89_United_Kingdom_H7N7         1.92%    passed     94.02%
  41  1989_Avian_A_red_knot_NJ_325_1989_USA_H7N7                                1.92%    passed     82.64%
  42  1991_Avian_A_ostrich_South_Africa_1991_South_Africa_H7N1                  1.92%    passed     98.51%
  43  1991_Avian_A_psittacine_Italy_1_91_Italy_H7N2                             1.92%    passed     96.73%
  44  1992_Avian_A_chicken_Victoria_1_92_Australia_H7N3                         1.57%    passed     96.55%
  45  1992_Avian_A_duck_Nanchang_1904_1992_China_H7N1                           1.92%    passed     96.49%
  46  1992_Avian_A_softbill_CA_33445-158_1992_USA_H7N1                          1.92%    passed     95.04%
  47  1993_Avian_A_duck_Alaska_3111_1993_USA_H7N3                               1.92%    passed     75.96%
  48  1993_Avian_A_gull_Italy_692-2_93_Italy_H7N2                               1.92%    passed     94.28%
  49  1993_Avian_A_rhea_North_Carolina_39482_1993_USA_H7N1                      1.92%    passed     99.78%
  50  1994_Avian_A_Chicken_New_York_13142-5_94__USA_H7N2                        1.92%    passed     88.24%
  51  1994_Avian_A_chicken_Queensland_1994_Australia_H7N3                       1.57%    passed     88.83%
  52  1994_Avian_A_parakeet_Netherlands_267497_94_Netherlands_H7N1              1.92%    passed     97.07%
  53  1994_Avian_A_shorebird_Delaware_Bay_274_1994_USA_H7N5                     1.92%    passed     99.93%
  54  1994_Avian_A_turkey_New_York_4450-5_1994_USA_H7N2                         1.92%    passed     91.42%
  55  1995_Avian_A_Chicken_New_York_13833-7_95__USA_H7N2                        1.92%    passed     91.42%
  56  1995_Avian_A_chicken_Queensland_667_95_Australia_H7N3                     1.57%    passed     85.06%
  57  1995_Avian_A_common_iora__Singapore_F89_95_Singapore_H7N1                 1.92%    passed     91.47%
  58  1995_Avian_A_emu_TX_25414_1995_USA_H7N2                                   1.92%    passed     79.17%
  59  1996_Avian_A_Chicken_New_York_8030-2_96__USA_H7N2                         1.92%    passed     90.08%
  60  1996_Avian_A_Guinea_Fowl_Pennsylvania_7777-1_96_USA_H7N2                  3.50%    passed     95.94%
  61  1996_Avian_A_ostrich_South_Africa_M320_96_South_Africa_H7N7               1.92%    passed     82.47%
  62  1996_Avian_A_ruddy_turnstone_Delaware_Bay_135_1996_USA_H7N3               1.92%    passed     73.56%
  63  1997_Avian_A_chicken_New_South_Wales_2_1997_Australia_H7N4                1.57%    passed     91.77%
  64  1997_Avian_A_chicken_PA_19241_1997_USA_H7N2                               3.32%    passed     94.38%
  65  1997_Avian_A_emu_New_South_Wales_775_1997_Australia_H7N4                  1.57%    passed     95.99%
  66  1998_Avian_A_chicken_NY_1387-8_98_USA_H7N2                                3.32%    passed     92.75%
  67  1998_Avian_A_goose_NY_8600-3_1998_USA_H7N2                                3.32%    passed     94.44%
  68  1998_Avian_A_Mallard_Ohio_322_1998_USA_H7N3                               1.92%    passed     54.79%
  69  1998_Avian_A_turkey_Northern_Ireland_VF-1545_C5_98_United_Kingdom_H7N7    1.92%    passed     99.23%
  70  1999_Avian_A_chicken_NJ_16224-6_1999_USA_H7N2                             3.32%    passed     96.23%
  71  1999_Avian_A_Chicken_NY_14714-2_1999_USA_H7N3                             1.92%    passed     61.12%
  72  1999_Avian_A_chicken_NY_34173-3_99_USA_H7N2                               3.32%    passed     94.15%
  73  1999_Avian_A_pintail_Minnesota_423_1999_USA_H7N3                          1.92%    passed     95.93%
  74  1999_Avian_A_swan_Shimane_42_1999_Japan_H7N8                              1.92%    passed     80.55%
  75  1999_Avian_A_turkey_Italy_4617_1999_Italy_H7N1                            1.22%    passed     78.16%
  76  2000_Avian_A_chicken_NY_30749-3_2000_USA_H7N2                             3.32%    passed     97.95%
  77  2000_Avian_A_mallard_Netherlands_12_2000_Netherlands_H7N3                 1.92%    passed     88.55%
  78  2000_Avian_A_ruddy_turnstone_DE_1538_2000_USA_H7N9                        1.92%    passed     98.23%
  79  2000_Avian_A_turkey_Italy_4426_2000_Italy_H7N1                            1.92%    passed     88.97%
  80  2001_Avian_A_Black_Duck_Ohio_415_2001_USA_H7N3                            1.92%    passed     98.69%
  81  2001_Avian_A_chicken_Italy_322_2001_Italy_H7N1                            1.92%    passed     88.57%
  82  2001_Avian_A_chicken_NY_119256-7_2001_USA_H7N2                            3.32%    passed     94.87%
  83  2001_Avian_A_duck_Mongolia_47_2001_Mongolia_H7N1                          1.92%    passed     80.76%
  84  2001_Avian_A_guinea_fowl_NJ_119063-8_2001_USA_H7N2                        3.32%    passed     99.31%
  85  2001_Avian_A_mallard_Alberta_22_2001_Canada_H7N3                          1.92%    passed     75.56%
  86  2001_Avian_A_mallard_Italy_33_01_Italy_H7N3                               1.92%    passed     76.23%
  87  2001_Avian_A_turkey_Germany_R11_2001_Germany_H7N7                         1.92%    passed     82.44%
  88  2002_Avian_A_chicken_NJ_151244-18_02_USA_H7N2                             3.32%    passed     99.70%
  89  2002_Avian_A_chicken_NJ_608_02_USA_H7N2                                   3.32%    passed     96.23%
  90  2002_Avian_A_mallard_Italy_250_02_Italy_H7N1                              2.80%    passed     63.59%
  91  2002_Avian_A_mallard_Sweden_105_2002_Sweden_H7N7                          1.92%    passed     77.28%
  92  2002_Avian_A_mallard_Sweden_56_2002_Sweden_H7N7                           1.92%    passed     99.87%
  93  2002_Avian_A_shorebird_Delaware_Bay_53_2002_USA_H7N3                      1.92%    passed     87.38%
  94  2003_Avian_A_chicken_CT_260413-2_2003_USA_H7N2                            3.32%    passed     88.51%
  95  2003_Avian_A_chicken_Netherlands_1_03_Netherlands_H7N7                    1.57%    passed     77.40%
  96  2003_Avian_A_turkey_Italy_2684_2003_Italy_H7N3                            1.92%    passed     76.46%
  97  2004_Avian_A_chicken_DE_HOBO_2004_USA_H7N2                                3.32%    passed     86.78%
  98  2004_Avian_A_chicken_NJ_294508-12_2004_USA_H7N2                           3.32%    passed     94.96%
  99  2004_Avian_A_duck_Italy_4692-9_2004_Italy_H7N_                            1.92%    passed     67.40%
 100  2004_Avian_A_green-winged_teal_MD_648_2004_USA_H7N3                       1.92%    passed     94.93%
 101  2004_Avian_A_mallard_Sweden_7206_2004_Sweden_H7N7                         1.92%    passed     91.74%
 102  2004_Avian_A_turkey_Italy_3337_2004_Italy_H7N3                            1.92%    passed     80.04%
 103  2005_Avian_A_chicken_Canada_314514-1_2005_Canada_H7N3                     1.92%    passed     91.37%
 104  2005_Avian_A_chicken_New_York_23164-6_2005_USA_H7N2                       3.44%    passed     83.55%
 105  2005_Avian_A_chicken_New_York_79672_2005_USA_H7N2                         3.32%    passed     93.92%
 106  2005_Avian_A_mallard_Netherlands_9_2005_Netherlands_H7N7                  1.92%    passed     79.54%
 107  2005_Avian_A_Northern_shoveler_NC_6412-052_2005_USA_H7N6                  1.92%    passed     89.63%
 108  2005_Avian_A_turkey_New_York_122501-2_2005_USA_H7N2                       3.32%    passed     91.06%
 109  2006_Avian_A_chicken_New_York_19495-3_2006_USA_H7N2                       3.32%    passed     93.40%
 110  2006_Avian_A_guineafowl_NY_4649-18_2006_USA_H7N2                          3.32%    passed     91.40%
 111  2006_Avian_A_mallard_Interior_Alaska_6MP0984_2006_USA_H7N3                1.92%    passed     89.13%
 112  2006_Avian_A_northern_shoveler_Washington_44249-664_2006_USA_H7N6         1.92%    passed     91.33%
 113  2006_Avian_A_ruddy_turnstone_New_Jersey_549_2006_USA_H7N3                 1.92%    passed     71.49%
 114  2006_Avian_A_shoveler_Italy_2698-3_2006_Italy_H7N7                        1.92%    passed     84.74%
 115  2006_Avian_A_tufted_duck_PT_13771_2006_Portugal_H7N3                      1.92%    passed     64.55%
 116  2007_Avian_A_cinnamon_teal_California_JN1310_2007_USA_H7N3                1.92%    passed     93.75%
 117  2007_Avian_A_duck_Mongolia_720_2007_Mongolia_H7N6                         1.92%    passed     51.16%
 118  2007_Avian_A_duck_Victoria_512_2007_Australia_c1997_H7N6                  1.92%    passed     80.94%
 119  2007_Avian_A_mallard_Netherlands_22_2007_Netherlands_H7N1                 1.98%    passed     83.36%
 120  2007_Avian_A_ruddy_turnstone_Delaware_Bay_124_2007_USA_H7N3               1.92%    passed     91.77%
 121  2007_Avian_A_turkey_Italy_5425_2007_Italy_H7N3                            2.68%    passed     75.32%
 122  2008_Avian_A_Anas_crecca_Spain_1460_2008_Spain_H7N9                       1.92%    passed     93.41%
 123  2008_Avian_A_blue-winged_teal_Guatemala_CIP049-01_2008_Guatemala_H7N9     1.92%    passed     98.72%
 124  2008_Avian_A_northern_shoveler_California_HKWF2031_2008_USA_H7N3          1.92%    passed     88.17%
 125  2009_Avian_A_green-winged_teal_California_1841_2009_USA_H7N3              1.92%    passed     94.86%
 126  2009_Avian_A_swan_Slovenia_53_2009_Slovenia_H7N7                          1.92%    passed     95.97%
 127  2001_Avian_A_cinnamon_teal_Bolivia_4537_2001_Bolivia_H7N3                 1.92%    passed     36.15%
 128  2002_Avian_A_chicken_Chile_176822_02_Chile_H7N3                           1.92%    passed     41.26%
 129  2002_Avian_A_chicken_Chile_184240-1_2002_Chile_H7N3                       0.17%    passed     26.25%
 130  2002_Avian_A_chicken_Chile_4977_02_Chile_H7N3                             0.17%    passed     23.20%
 131  2002_Avian_A_turkey_Chile_4418_02_Chile_H7N3                              0.17%    passed     24.32%
 132  1956_Equine_A_equine_Prague_1_1956_Czech_Republic_H7N7                    0.17%    failed      0.03%
 133  1956_Equine_A_equine_Prague_2_1956_Czech_Republic_H7N7                    0.17%    failed      0.03%
 134  1964_Equine_A_equine_Detroit_1_64_USA_H7N7                                0.17%    failed      0.04%
 135  1966_Equine_A_equine_Lexington_1_1966_USA_H7N7                            0.17%    failed      0.06%
 136  1972_Equine_A_equine_Switzerland_137_72_Switzerland_H7N7                  0.17%    failed      0.04%
 137  1973_Equine_A_equine_Cambridge_1_73_United_Kingdom_H7N7                   0.17%    failed      0.04%
 138  1973_Equine_A_equine_London_1416_1973_United_Kingdom_H7N7                 0.17%    failed      0.06%
 139  1974_Equine_A_equine_Cornell_16_74_USA_H7N7                               0.17%    failed      0.08%
 140  1975_Equine_A_equine_Kentucky_1a_1975_USA_H7N7                            0.17%    failed      0.05%
 141  1976_Equine_A_equine_Sao_Paulo_1_76_Brazil_H7N7                           0.17%    failed      0.09%
 142  1976_Equine_A_equine_Sao_Paulo_4_1976_Brazil_H7N7                         0.17%    failed      0.06%
 143  1976_Equine_A_equine_Uruguay_1063_1976_Uruguay_H7N7                       0.17%    failed      0.09%
 144  1977_Equine_A_equine_Argentina_1_1977_Argentina_H7N7                      0.17%    failed      0.09%
 145  1977_Equine_A_equine_Newmarket_1_77_United_Kingdom_H7N7                   0.17%    failed      0.04%
 146  1977_Equine_A_equine_Santiago_77_Chile_H7N7                               0.17%    failed      0.13%
****  TOTAL                                                                     1.87%  15 sequences failed composition chi2 test (p-value<5%; df=3)
NOTE: 1977_Avian_A_widgeon_Alberta_284_1977_Canada_H7N3 is identical to 1977_Avian_A_blue-winged_teal_ALB_295_1977_Canada_H7N3 but kept for subsequent analysis


Create initial parsimony tree by phylogenetic likelihood library (PLL)... 0.033 seconds
NOTE: ModelFinder requires 21 MB RAM!
ModelFinder will test 88 DNA models (sample size: 1716) ...
 No. Model         -LnL         df  AIC          AICc         BIC
  1  JC            29324.488    289 59226.976    59344.522    60801.376
  2  JC+I          27725.474    290 56030.948    56149.390    57610.795
  3  JC+G4         27413.151    290 55406.302    55524.744    56986.150
  4  JC+I+G4       27397.178    291 55376.356    55495.699    56961.652
  5  F81+F         29196.055    292 58976.111    59096.358    60566.854
  6  F81+F+I       27590.202    293 55766.404    55887.560    57362.595
  7  F81+F+G4      27271.175    293 55128.351    55249.507    56724.542
  8  F81+F+I+G4    27251.509    294 55091.019    55213.088    56692.658
  9  K2P           26947.694    290 54475.388    54593.830    56055.235
 10  K2P+I         25253.884    291 51089.769    51209.111    52675.064
 11  K2P+G4        24872.540    291 50327.081    50446.423    51912.376
 12  K2P+I+G4      24856.685    292 50297.371    50417.618    51888.114
 13  HKY+F         26874.871    293 54335.743    54456.899    55931.934
 14  HKY+F+I       25135.221    294 50858.442    50980.511    52460.081
 15  HKY+F+G4      24740.527    294 50069.054    50191.123    51670.693
 16  HKY+F+I+G4    24721.663    295 50033.326    50156.312    51640.413
 17  TNe           26946.842    291 54475.683    54595.026    56060.979
 18  TNe+I         25253.822    292 51091.643    51211.891    52682.387
 19  TNe+G4        24872.378    292 50328.756    50449.004    51919.500
 20  TNe+I+G4      24856.698    293 50299.396    50420.552    51895.587
 21  TN+F          26823.455    294 54234.909    54356.978    55836.548
 22  TN+F+I        25108.997    295 50807.995    50930.981    52415.081
 23  TN+F+G4       24720.332    295 50030.663    50153.649    51637.750
 24  TN+F+I+G4     24700.548    296 49993.096    50117.003    51605.630
 25  K3P           26923.626    291 54429.252    54548.595    56014.548
 26  K3P+I         25224.902    292 51033.803    51154.051    52624.547
 27  K3P+G4        24842.149    292 50268.297    50388.545    51859.041
 28  K3P+I+G4      24825.440    293 50236.879    50358.035    51833.070
 29  K3Pu+F        26845.841    294 54279.682    54401.751    55881.321
 30  K3Pu+F+I      25102.102    295 50794.204    50917.190    52401.291
 31  K3Pu+F+G4     24705.946    295 50001.891    50124.877    51608.978
 32  K3Pu+F+I+G4   24685.417    296 49962.834    50086.741    51575.368
 33  TPM2+F        26838.807    294 54265.613    54387.682    55867.252
 34  TPM2+F+I      25112.649    295 50815.298    50938.284    52422.385
 35  TPM2+F+G4     24720.958    295 50031.915    50154.901    51639.002
 36  TPM2+F+I+G4   24703.067    296 49998.135    50122.042    51610.669
 37  TPM2u+F       26838.811    294 54265.623    54387.691    55867.261
 38  TPM2u+F+I     25112.649    295 50815.297    50938.283    52422.384
 39  TPM2u+F+G4    24720.958    295 50031.915    50154.901    51639.002
 40  TPM2u+F+I+G4  24703.067    296 49998.134    50122.041    51610.669
 41  TPM3+F        26866.945    294 54321.890    54443.959    55923.529
 42  TPM3+F+I      25131.834    295 50853.668    50976.654    52460.754
 43  TPM3+F+G4     24735.707    295 50061.415    50184.401    51668.501
 44  TPM3+F+I+G4   24716.525    296 50025.050    50148.956    51637.584
 45  TPM3u+F       26866.945    294 54321.890    54443.959    55923.529
 46  TPM3u+F+I     25131.833    295 50853.667    50976.653    52460.753
 47  TPM3u+F+G4    24735.707    295 50061.415    50184.401    51668.501
 48  TPM3u+F+I+G4  24716.526    296 50025.052    50148.959    51637.587
 49  TIMe          26922.748    292 54429.496    54549.743    56020.239
 50  TIMe+I        25224.844    293 51035.687    51156.844    52631.879
 51  TIMe+G4       24842.015    293 50270.029    50391.185    51866.220
 52  TIMe+I+G4     24825.433    294 50238.867    50360.936    51840.506
 53  TIM+F         26794.352    295 54178.705    54301.691    55785.791
 54  TIM+F+I       25076.079    296 50744.157    50868.064    52356.692
 55  TIM+F+G4      24685.715    296 49963.429    50087.336    51575.964
 56  TIM+F+I+G4    24664.323    297 49922.647    50047.479    51540.629
 57  TIM2e         26892.790    292 54369.580    54489.827    55960.323
 58  TIM2e+I       25218.953    293 51023.906    51145.063    52620.098
 59  TIM2e+G4      24835.038    293 50256.076    50377.232    51852.267
 60  TIM2e+I+G4    24819.712    294 50227.425    50349.493    51829.063
 61  TIM2+F        26787.247    295 54164.494    54287.480    55771.581
 62  TIM2+F+I      25086.011    296 50764.021    50887.928    52376.556
 63  TIM2+F+G4     24700.178    296 49992.356    50116.263    51604.890
 64  TIM2+F+I+G4   24681.111    297 49956.223    50081.055    51574.205
 65  TIM3e         26945.020    292 54474.041    54594.288    56064.784
 66  TIM3e+I       25253.393    293 51092.786    51213.942    52688.977
 67  TIM3e+G4      24871.834    293 50329.667    50450.823    51925.858
 68  TIM3e+I+G4    24856.106    294 50300.211    50422.280    51901.850
 69  TIM3+F        26815.515    295 54221.030    54344.016    55828.117
 70  TIM3+F+I      25105.807    296 50803.615    50927.522    52416.149
 71  TIM3+F+G4     24715.406    296 50022.813    50146.720    51635.347
 72  TIM3+F+I+G4   24695.182    297 49984.364    50109.196    51602.346
 73  TVMe          26861.479    293 54308.958    54430.114    55905.149
 74  TVMe+I        25181.814    294 50951.628    51073.697    52553.267
 75  TVMe+G4       24797.906    294 50183.811    50305.880    51785.450
 76  TVMe+I+G4     24781.291    295 50152.582    50275.568    51759.669
 77  TVM+F         26798.218    296 54188.437    54312.344    55800.971
 78  TVM+F+I       25070.092    297 50734.184    50859.016    52352.166
 79  TVM+F+G4      24678.667    297 49951.334    50076.166    51569.316
 80  TVM+F+I+G4    24658.568    298 49913.136    50038.898    51536.566
 81  SYM           26860.569    294 54309.139    54431.208    55910.777
 82  SYM+I         25181.801    295 50953.601    51076.587    52560.688
 83  SYM+G4        24797.747    295 50185.494    50308.480    51792.581
 84  SYM+I+G4      24781.276    296 50154.551    50278.458    51767.085
 85  GTR+F         26746.586    297 54087.172    54212.004    55705.154
 86  GTR+F+I       25043.656    298 50683.312    50809.073    52306.742
 87  GTR+F+G4      24657.676    298 49911.352    50037.114    51534.782
 88  GTR+F+I+G4    24636.448    299 49870.897    49997.591    51499.774
Akaike Information Criterion:           GTR+F+I+G4
Corrected Akaike Information Criterion: GTR+F+I+G4
Bayesian Information Criterion:         GTR+F+I+G4
Best-fit model: GTR+F+I+G4 chosen according to BIC

All model information printed to worobey_2014a.nex.model.gz
CPU time for ModelFinder: 62.244 seconds (0h:1m:2s)
Wall-clock time for ModelFinder: 62.606 seconds (0h:1m:2s)
Generating 1000 samples for ultrafast bootstrap (seed: 520873)...

NOTE: 21 MB RAM (0 GB) is required!
Estimate model parameters (epsilon = 0.100)
Thoroughly optimizing +I+G parameters from 10 start values...
Init pinv, alpha: 0.000, 1.000 / Estimate: 0.000, 0.342 / LogL: -24657.674
Init pinv, alpha: 0.049, 1.000 / Estimate: 0.062, 0.394 / LogL: -24657.366
Init pinv, alpha: 0.098, 1.000 / Estimate: 0.127, 0.468 / LogL: -24655.967
Init pinv, alpha: 0.147, 1.000 / Estimate: 0.362, 1.164 / LogL: -24636.524
Init pinv, alpha: 0.196, 1.000 / Estimate: 0.362, 1.167 / LogL: -24636.514
Init pinv, alpha: 0.245, 1.000 / Estimate: 0.362, 1.169 / LogL: -24636.508
Init pinv, alpha: 0.294, 1.000 / Estimate: 0.362, 1.170 / LogL: -24636.505
Init pinv, alpha: 0.343, 1.000 / Estimate: 0.363, 1.175 / LogL: -24636.487
Init pinv, alpha: 0.392, 1.000 / Estimate: 0.371, 1.231 / LogL: -24636.394
Init pinv, alpha: 0.441, 1.000 / Estimate: 0.375, 1.263 / LogL: -24636.471
Optimal pinv,alpha: 0.371, 1.231 / LogL: -24636.394

Parameters optimization took 51.892 sec
Computing ML distances based on estimated model parameters... 0.445 sec
Computing BIONJ tree...
0.216 seconds
Log-likelihood of BIONJ tree: -25115.792
--------------------------------------------------------------------
|             INITIALIZING CANDIDATE TREE SET                      |
--------------------------------------------------------------------
Generating 98 parsimony trees... 3.240 second
Computing log-likelihood of 98 initial trees ... 11.876 seconds
Current best score: -24626.322

Do NNI search on 20 best initial trees
Estimate model parameters (epsilon = 0.100)
BETTER TREE FOUND at iteration 1: -24620.897
Estimate model parameters (epsilon = 0.100)
BETTER TREE FOUND at iteration 2: -24620.597
Iteration 10 / LogL: -24620.605 / Time: 0h:1m:18s
Iteration 20 / LogL: -24620.601 / Time: 0h:1m:28s
Finish initializing candidate tree set (9)
Current best tree score: -24620.597 / CPU time: 35.251
Number of iterations: 20
--------------------------------------------------------------------
|               OPTIMIZING CANDIDATE TREE SET                      |
--------------------------------------------------------------------
Estimate model parameters (epsilon = 0.100)
BETTER TREE FOUND at iteration 21: -24620.581
Estimate model parameters (epsilon = 0.100)
BETTER TREE FOUND at iteration 25: -24618.974
Estimate model parameters (epsilon = 0.100)
BETTER TREE FOUND at iteration 30: -24618.295
Iteration 30 / LogL: -24618.295 / Time: 0h:1m:50s (0h:6m:20s left)
Estimate model parameters (epsilon = 0.100)
BETTER TREE FOUND at iteration 31: -24613.965
Iteration 40 / LogL: -24665.332 / Time: 0h:2m:11s (0h:5m:6s left)
Estimate model parameters (epsilon = 0.100)
BETTER TREE FOUND at iteration 43: -24613.830
BETTER TREE FOUND at iteration 44: -24613.829
BETTER TREE FOUND at iteration 50: -24613.828
Iteration 50 / LogL: -24613.828 / Time: 0h:2m:32s (0h:5m:12s left)
Log-likelihood cutoff on original alignment: -24660.674
Iteration 60 / LogL: -24613.838 / Time: 0h:2m:54s (0h:4m:25s left)
UPDATE BEST LOG-LIKELIHOOD: -24613.828
Iteration 70 / LogL: -24613.838 / Time: 0h:3m:12s (0h:3m:43s left)
Iteration 80 / LogL: -24613.829 / Time: 0h:3m:32s (0h:3m:7s left)
Iteration 90 / LogL: -24613.928 / Time: 0h:3m:52s (0h:2m:36s left)
Iteration 100 / LogL: -24613.954 / Time: 0h:4m:11s (0h:2m:7s left)
Log-likelihood cutoff on original alignment: -24660.674
NOTE: Bootstrap correlation coefficient of split occurrence frequencies: 0.999
Iteration 110 / LogL: -24912.932 / Time: 0h:4m:32s (0h:3m:44s left)
Iteration 120 / LogL: -24614.605 / Time: 0h:4m:52s (0h:3m:16s left)
Iteration 130 / LogL: -24613.829 / Time: 0h:5m:11s (0h:2m:49s left)
Iteration 140 / LogL: -24621.030 / Time: 0h:5m:31s (0h:2m:23s left)
Iteration 150 / LogL: -24613.840 / Time: 0h:5m:50s (0h:1m:57s left)
Log-likelihood cutoff on original alignment: -24655.294
TREE SEARCH COMPLETED AFTER 151 ITERATIONS / Time: 0h:5m:52s

--------------------------------------------------------------------
|                    FINALIZING TREE SEARCH                        |
--------------------------------------------------------------------
Performs final model parameters optimization
Estimate model parameters (epsilon = 0.010)
1. Initial log-likelihood: -24613.828
Optimal log-likelihood: -24613.828
Rate parameters:  A-C: 1.82776  A-G: 11.10933  A-T: 0.77350  C-G: 0.25870  C-T: 15.29787  G-T: 1.00000
Base frequencies:  A: 0.337  C: 0.185  G: 0.242  T: 0.236
Proportion of invariable sites: 0.371
Gamma shape alpha: 1.234
Parameters optimization took 1 rounds (0.333 sec)
BEST SCORE FOUND : -24613.828

Testing tree branches by SH-like aLRT with 1000 replicates...
4.563 sec.
Creating bootstrap support values...
Split supports printed to NEXUS file worobey_2014a.nex.splits.nex
Total tree length: 3.547

Total number of iterations: 151
CPU time used for tree search: 298.023 sec (0h:4m:58s)
Wall-clock time used for tree search: 299.386 sec (0h:4m:59s)
Total CPU time used: 356.268 sec (0h:5m:56s)
Total wall-clock time used: 358.158 sec (0h:5m:58s)

Computing bootstrap consensus tree...
Reading input file worobey_2014a.nex.splits.nex...
146 taxa and 543 splits.
Consensus tree written to worobey_2014a.nex.contree
Reading input trees file worobey_2014a.nex.contree
Log-likelihood of consensus tree: -24613.827

Analysis results written to: 
  IQ-TREE report:                worobey_2014a.nex.iqtree
  Maximum-likelihood tree:       worobey_2014a.nex.treefile
  Likelihood distances:          worobey_2014a.nex.mldist

Ultrafast bootstrap approximation results written to:
  Split support values:          worobey_2014a.nex.splits.nex
  Consensus tree:                worobey_2014a.nex.contree
  Screen log file:               worobey_2014a.nex.log

Date and Time: Mon Mar 13 22:45:10 2023
