IQ-TREE multicore version 2.2.0 COVID-edition for Linux 64-bit built Jun  1 2022
Developed by Bui Quang Minh, James Barbetti, Nguyen Lam Tung,
Olga Chernomor, Heiko Schmidt, Dominik Schrempf, Michael Woodhams, Ly Trong Nhan.

Host:    scotty-ThinkPad-T460 (AVX2, FMA3, 15 GB RAM)
Command: ../../iqtree2 -s worobey_2014c.nex --redo-tree
Seed:    92643 (Using SPRNG - Scalable Parallel Random Number Generator)
Time:    Mon Mar 13 23:18:29 2023
Kernel:  AVX+FMA - 1 threads (4 CPU cores detected)

HINT: Use -nt option to specify number of threads because your CPU has 4 cores!
HINT: -nt AUTO will automatically determine the best number of threads to use.

Reading alignment file worobey_2014c.nex ... Nexus format detected
Skipping unknown block (SETS)...
Alignment has 92 sequences with 1416 columns, 683 distinct patterns
618 parsimony-informative, 66 singleton sites, 731 constant sites
                                                                        Gap/Ambiguity  Composition  p-value
Analyzing sequences: done in 0.000191181 secs using 87.87% CPU
   1  1935|Avian|A/chicken/Brescia/1902|Italy|H7N7                              0.00%    passed     68.95%
   2  1949|Avian|A/chicken/Germany/N/1949|Germany|H10N7                         0.00%    passed     87.27%
   3  1976|Avian|A/chicken/Victoria/1976|Australia|H7N7                         0.00%    passed     88.99%
   4  1976|Avian|A/duck/Victoria/1976|Australia|H7N7                            1.34%    passed     77.42%
   5  1977|Avian|A/pintail_duck/ALB/303/1977|Canada|H10N7                       0.21%    passed     89.02%
   6  1979|Avian|A/goose/Leipzig/187-7/1979|Germany|H7N7                        7.63%    passed     75.25%
   7  1979|Avian|A/mallard_duck/Minnesota/19/1979|USA|H10N7                     0.21%    passed     98.21%
   8  1980|Avian|A/duck/Potsdam/15/1980|Germany|H7N7                            1.27%    passed     98.12%
   9  1984|Avian|A/redhead_duck/ALB/767/1984|Canada|H10N7                       0.21%    passed     93.49%
  10  1985|Avian|A/chicken/Victoria/1985|Australia|H7N7                         0.00%    passed     85.00%
  11  1985|Avian|A/starling/Victoria/1985|Australia|H7N7                        0.00%    passed     85.00%
  12  1986|Avian|A/herring_gull/Delaware/471/1986|USA|H2N7                      0.21%    passed     98.96%
  13  1986|Avian|A/laughing_gull/New_Jersey/798/1986|USA|H2N7                   0.21%    passed     99.47%
  14  1987|Avian|A/ruddy_turnstone/DE/2764/1987|USA|H10N7                       0.21%    passed     91.49%
  15  1988|Avian|A/green-winged_teal/LA/169GW/1988|USA|H10N7                    0.21%    passed     95.81%
  16  1988|Avian|A/ruddy_turnstone/DE/2378/1988|USA|H7N7                        0.21%    passed     96.32%
  17  1989|Avian|A/mallard/Ohio/122/1989|USA|H10N7                              0.21%    passed     93.72%
  18  1989|Avian|A/red_knot/NJ/325/1989|USA|H7N7                                0.21%    passed     88.17%
  19  1991|Avian|A/duck/Alaska/658/1991|USA|H10N7                               0.21%    passed     91.25%
  20  1991|Avian|A/turkey/VA/31409/1991|USA|H10N7                               0.21%    passed     85.05%
  21  1993|Avian|A/pintail/Alberta/129/1993|Canada|H10N7                        0.21%    passed     77.42%
  22  1995|Avian|A/quail/NJ/25254-22/1995|USA|H10N7                             4.03%    passed     97.70%
  23  1996|Avian|A/emu/California/2092/1996|USA|H10N7                           0.49%    passed     92.81%
  24  1996|Avian|A/mallard/ALB/196/1996|Canada|H10N7                            0.21%    passed     91.24%
  25  1996|Avian|A/shorebird/Delaware_Bay/31/1996|USA|H9N7                      0.21%    passed     98.39%
  26  1997|Avian|A/duck/Shimane/45/1997|Japan|H10N7                             0.00%    passed     95.77%
  27  1999|Avian|A/chicken/California/755/1999|USA|H10N7                        4.87%    passed     84.49%
  28  1999|Avian|A/duck/Taiwan/4201/99|Taiwan|H7N7                              0.00%    passed     92.06%
  29  1999|Avian|A/mallard/Minnesota/17/1999|USA|H7N7                           0.21%    passed     98.09%
  30  1999|Avian|A/quail/California/1022/1999|USA|H10N7                         4.87%    passed     82.07%
  31  1999|Avian|A/shorebird/Delaware_Bay/267/1999|USA|mixedN7                  0.00%    passed     97.54%
  32  2000|Avian|A/blue-winged_teal/Texas/108/2000|USA|H10N7                    0.21%    passed     90.55%
  33  2000|Avian|A/mallard/Alberta/127/2000|Canada|mixedN7                      0.21%    passed     98.89%
  34  2000|Avian|A/mallard/Netherlands/02/2000|Netherlands|H10N7                0.00%    passed     83.81%
  35  2000|Avian|A/northern_shoveler/TX/56/2000|USA|H10N7                       0.21%    passed     90.55%
  36  2000|Avian|A/pintail/Alberta/202/2000|Canada|H10N7                        0.21%    passed     99.86%
  37  2001|Avian|A/mallard/Maryland/161/2001|USA|H10N7                          0.21%    passed     99.28%
  38  2001|Avian|A/ruddy_turnstone/Delaware/1057/2001|USA|H10N7                 0.21%    passed     98.81%
  39  2002|Avian|A/duck/Mongolia/583/02|Mongolia|H4N7                           0.00%    passed     98.26%
  40  2002|Avian|A/mallard/Sweden/110/2002|Sweden|H11N7                         0.00%    passed     85.28%
  41  2003|Avian|A/chicken/Germany/R28/03|Germany|H7N7                          0.00%    passed     98.74%
  42  2003|Avian|A/chicken/Netherlands/1/03|Netherlands|H7N7                    0.00%    passed     99.17%
  43  2003|Avian|A/mallard/Alberta/209/2003|Canada|H10N7                        0.21%    passed     98.89%
  44  2003|Avian|A/mallard/Denmark/64650/03|Denmark|H5N7                        0.00%    passed     97.97%
  45  2003|Avian|A/mallard/Maryland/210/2003|USA|H10N7                          0.21%    passed     98.40%
  46  2003|Avian|A/mallard/Sweden/S90735/2003|Sweden|H7N7                       0.00%    passed     99.17%
  47  2004|Avian|A/mallard/Sweden/7206/2004|Sweden|H7N7                         0.00%    passed     88.98%
  48  2004|Avian|A/ruddy_turnstone/NJ/238/2004|USA|H10N7                        0.21%    passed     85.33%
  49  2004|Avian|A/sanderling/New_Jersey/279/2004|USA|H10N7                     0.21%    passed     94.46%
  50  2005|Avian|A/Anas_crecca/Germany/Wv177/05|Germany|H7N7                    0.00%    passed     91.27%
  51  2005|Avian|A/mallard/Netherlands/9/2005|Netherlands|H7N7                  0.00%    passed     87.11%
  52  2005|Avian|A/mallard/Sweden/S90597/2005|Sweden|H7N7                       0.00%    passed     92.79%
  53  2006|Avian|A/duck/Shimane/18/2006|Japan|H7N7                              0.00%    passed     98.11%
  54  2006|Avian|A/mallard/Bavaria/3/2006|Germany|H10N7                         0.00%    passed     99.96%
  55  2006|Avian|A/mallard/California/K752/2006|USA|H10N7                       0.21%    passed     86.94%
  56  2006|Avian|A/mallard/Interior_Alaska/6MP0747/2006|USA|mixedN7             0.21%    passed     90.58%
  57  2006|Avian|A/mallard/PT/14683/2006|Portugal|H6N7                          0.00%    passed     95.10%
  58  2006|Avian|A/mute_swan/Netherlands/1/2006|Netherlands|H10N7               0.00%    passed     93.78%
  59  2006|Avian|A/ring-necked_duck/Michigan/588/2006|USA|mixedN7               0.21%    passed     89.95%
  60  2006|Avian|A/whooper_swan/Norway/10_438/2006|Norway|H7N7                  0.00%    passed     81.27%
  61  2007|Avian|A/duck/Tsukuba/664/2007|Japan|H7N7                             0.00%    passed     98.90%
  62  2007|Avian|A/duck/Shiga/B149/2007|Japan|H7N7                              0.00%    passed     97.69%
  63  2007|Avian|A/mallard/Alberta/284/2007|Canada|mixedN7                      0.21%    passed     71.00%
  64  2007|Avian|A/mallard/Alberta/8734/07|Canada|H7N7                          0.28%    passed     73.33%
  65  2007|Avian|A/mallard/Minnesota/Sg-00046/2007|USA|MixedN7                  0.21%    passed     78.53%
  66  2007|Avian|A/mute_swan/Hungary/5973/2007|Hungary|H7N7                     0.00%    passed     97.92%
  67  2007|Avian|A/northern_shoveler/California/44287-162/2007|USA|H10N7        0.21%    passed     99.39%
  68  2007|Avian|A/northern_shoveler/California/HKWF96/2007|USA|H10N7           0.21%    passed     85.92%
  69  2008|Avian|A/duck/Chiba/13/2008|Japan|H7N7                                0.00%    passed     97.90%
  70  2008|Avian|A/mallard/California/HKWF1971C/2008|USA|H7N7                   0.21%    passed     84.14%
  71  2008|Avian|A/mallard/Illinois/08OS2711/2008|USA|H10N7                     0.21%    passed     78.18%
  72  2008|Avian|A/northern_pintail/Aomori/1001/2008|Japan|H7N7                 0.00%    passed     93.60%
  73  2008|Avian|A/northern_shoveler/California/9710/2008|USA|H10N7             0.21%    passed     79.78%
  74  2008|Avian|A/Stellers_eider/Alaska/44422-239/2008|USA|H10N7               5.51%    passed     96.02%
  75  2009|Avian|A/American_green-winged_teal/Illinois/2975/2009|USA|mixedN7    0.21%    passed     79.16%
  76  2009|Avian|A/green-winged_teal/California/00083/2009|USA|H10N7            0.21%    passed     94.75%
  77  2009|Avian|A/lesser_scaup/Illinois/4115/2009|USA|H10N7                    0.21%    passed     83.25%
  78  2009|Avian|A/northern_shoveler/Mississippi/09OS643/2009|USA|H7N7          0.21%    passed     86.37%
  79  2009|Avian|A/swan/Slovenia/53/2009|Slovenia|H7N7                          0.21%    passed     79.15%
  80  2010|Avian|A/mallard/California/1305/2010|USA|H10N7                       0.21%    passed     71.25%
  81  2010|Avian|A/northern_shoveler/Mississippi/236/2010|USA|H10N7             0.21%    passed     44.71%
  82  2010|Avian|A/northern_shoveler/Mississippi/252/2010|USA|H10N7             0.21%    passed     88.18%
  83  2011|Avian|A/swan/Czech_Republic/5416/2011|Czech_Republic|H7N7            0.21%    passed     94.58%
  84  1956|Equine|A/equine/Prague/1/1956|Czech_Republic|H7N7                    0.42%    failed      0.69%
  85  1956|Equine|A/equine/Prague/2/1956|Czech_Republic|H7N7                    0.42%    failed      0.69%
  86  1966|Equine|A/equine/Lexington/1/1966|USA|H7N7                            0.42%    failed      0.68%
  87  1974|Equine|A/Cor/16/1974|USA|H7N7                                        0.42%    failed      0.52%
  88  1975|Equine|A/equine/Kentucky/1a/1975|USA|H7N7                            0.42%    failed      0.30%
  89  1976|Equine|A/equine/Sao_Paulo/4/1976|Brazil|H7N7                         0.42%    failed      0.38%
  90  1976|Equine|A/equine/Uruguay/1063/1976|Uruguay|H7N7                       0.42%    failed      0.42%
  91  1977|Equine|A/equine/Argentina/1/1977|Argentina|H7N7                      0.42%    failed      0.33%
  92  1977|Equine|A/equine/Santiago/77|Chile|H7N7                               0.42%    failed      0.50%
****  TOTAL                                                                     0.47%  9 sequences failed composition chi2 test (p-value<5%; df=3)
NOTE: 1985|Avian|A/starling/Victoria/1985|Australia|H7N7 is identical to 1985|Avian|A/chicken/Victoria/1985|Australia|H7N7 but kept for subsequent analysis
NOTE: 2000|Avian|A/northern_shoveler/TX/56/2000|USA|H10N7 is identical to 2000|Avian|A/blue-winged_teal/Texas/108/2000|USA|H10N7 but kept for subsequent analysis
NOTE: 1956|Equine|A/equine/Prague/2/1956|Czech_Republic|H7N7 is identical to 1956|Equine|A/equine/Prague/1/1956|Czech_Republic|H7N7 but kept for subsequent analysis
Checking for duplicate sequences: done in 0.000672945 secs using 89.61% CPU

Creating fast initial parsimony tree by random order stepwise addition...
0.035 seconds, parsimony score: 2536 (based on 684 sites)
Perform fast likelihood tree search using GTR+I+G model...
Estimate model parameters (epsilon = 5.000)
Perform nearest neighbor interchange...
Optimizing NNI: done in 0.267314 secs using 95.47% CPU
Estimate model parameters (epsilon = 1.000)
1. Initial log-likelihood: -14047.230
Optimal log-likelihood: -14046.851
Rate parameters:  A-C: 1.94534  A-G: 17.13033  A-T: 1.09235  C-G: 0.40047  C-T: 21.43373  G-T: 1.00000
Base frequencies:  A: 0.340  C: 0.194  G: 0.234  T: 0.232
Proportion of invariable sites: 0.291
Gamma shape alpha: 0.604
Parameters optimization took 1 rounds (0.122 sec)
Time for fast ML tree search: 1.284 seconds

NOTE: ModelFinder requires 20 MB RAM!
ModelFinder will test up to 484 DNA models (sample size: 1416) ...
 No. Model         -LnL         df  AIC          AICc         BIC
  1  GTR+F         15241.626    189 30861.252    30919.832    31854.558
  2  GTR+F+I       14134.542    190 28649.083    28708.332    29647.646
  3  GTR+F+G4      14042.471    190 28464.942    28524.191    29463.504
  4  GTR+F+I+G4    14025.923    191 28433.847    28493.768    29437.664
  5  GTR+F+R2      14166.955    191 28715.910    28775.832    29719.728
  6  GTR+F+R3      14083.397    193 28552.793    28614.073    29567.122
  7  GTR+F+R4      14043.904    195 28477.808    28540.464    29502.649
  8  GTR+F+R5      14028.099    197 28450.199    28514.248    29485.550
  9  GTR+F+R6      14018.415    199 28434.830    28500.290    29480.692
 10  GTR+F+R7      14018.242    201 28438.483    28505.373    29494.857
 14  GTR+F+I+I+R2  14018.005    192 28420.011    28480.609    29429.084
 15  GTR+F+I+I+R3  14015.573    194 28419.147    28481.112    29438.732
 26  SYM+I+G4      14117.081    188 28610.163    28668.080    29598.214
 36  SYM+I+I+R2    14113.209    189 28604.418    28662.999    29597.725
 37  SYM+I+I+R3    14109.922    191 28601.845    28661.766    29605.663
 48  TVM+F+I+G4    14033.481    190 28446.961    28506.210    29445.523
 58  TVM+F+I+I+R2  14022.908    191 28427.815    28487.737    29431.633
 59  TVM+F+I+I+R3  14020.634    193 28427.267    28488.547    29441.596
 70  TVMe+I+G4     14117.113    187 28608.227    28665.484    29591.022
 80  TVMe+I+I+R2   14113.823    188 28603.647    28661.564    29591.698
 81  TVMe+I+I+R3   14110.466    190 28600.933    28660.182    29599.495
 92  TIM3+F+I+G4   14044.242    189 28466.484    28525.065    29459.791
102  TIM3+F+I+I+R2 14035.149    190 28450.299    28509.548    29448.861
103  TIM3+F+I+I+R3 14032.985    192 28449.971    28510.569    29459.044
114  TIM3e+I+G4    14144.745    186 28661.490    28718.093    29639.030
124  TIM3e+I+I+R2  14139.190    187 28652.380    28709.637    29635.175
125  TIM3e+I+I+R3  14136.509    189 28651.018    28709.599    29644.325
136  TIM2+F+I+G4   14034.946    189 28447.892    28506.473    29441.199
146  TIM2+F+I+I+R2 14027.208    190 28434.416    28493.665    29432.979
147  TIM2+F+I+I+R3 14024.893    192 28433.786    28494.384    29442.859
158  TIM2e+I+G4    14124.960    186 28621.919    28678.521    29599.459
168  TIM2e+I+I+R2  14121.332    187 28616.664    28673.921    29599.459
169  TIM2e+I+I+R3  14118.015    189 28614.031    28672.611    29607.337
180  TIM+F+I+G4    14037.495    189 28452.989    28511.570    29446.296
190  TIM+F+I+I+R2  14028.115    190 28436.230    28495.479    29434.793
191  TIM+F+I+I+R3  14025.980    192 28435.961    28496.559    29445.034
202  TIMe+I+G4     14137.967    186 28647.935    28704.537    29625.475
212  TIMe+I+I+R2   14132.130    187 28638.260    28695.517    29621.056
213  TIMe+I+I+R3   14129.478    189 28636.957    28695.537    29630.263
224  TPM3u+F+I+G4  14051.302    188 28478.605    28536.522    29466.656
234  TPM3u+F+I+I+R2 14039.955    189 28457.910    28516.491    29451.217
235  TPM3u+F+I+I+R3 14037.687    191 28457.375    28517.296    29461.192
246  TPM3+I+G4     14144.804    185 28659.608    28715.559    29631.892
256  TPM3+I+I+R2   14139.973    186 28651.945    28708.547    29629.485
257  TPM3+I+I+R3   14137.188    188 28650.375    28708.292    29638.426
268  TPM2u+F+I+G4  14042.452    188 28460.905    28518.821    29448.956
278  TPM2u+F+I+I+R2 14032.163    189 28442.326    28500.907    29435.633
279  TPM2u+F+I+I+R3 14029.834    191 28441.667    28501.589    29445.485
290  TPM2+I+G4     14124.995    185 28619.991    28675.942    29592.275
300  TPM2+I+I+R2   14121.935    186 28615.870    28672.472    29593.410
301  TPM2+I+I+R3   14118.563    188 28613.127    28671.044    29601.178
312  K3Pu+F+I+G4   14044.537    188 28465.074    28522.990    29453.125
322  K3Pu+F+I+I+R2 14032.859    189 28443.718    28502.299    29437.025
323  K3Pu+F+I+I+R3 14030.652    191 28443.304    28503.226    29447.122
334  K3P+I+G4      14138.027    185 28646.053    28702.005    29618.338
344  K3P+I+I+R2    14132.941    186 28637.882    28694.484    29615.422
345  K3P+I+I+R3    14130.164    188 28636.328    28694.245    29624.380
356  TN+F+I+G4     14045.289    188 28466.577    28524.494    29454.629
366  TN+F+I+I+R2   14036.311    189 28450.622    28509.203    29443.929
367  TN+F+I+I+R3   14034.123    191 28450.247    28510.168    29454.065
378  TNe+I+G4      14144.849    185 28659.698    28715.649    29631.982
388  TNe+I+I+R2    14139.328    186 28650.657    28707.259    29628.197
389  TNe+I+I+R3    14136.653    188 28649.305    28707.222    29637.356
400  HKY+F+I+G4    14052.329    187 28478.658    28535.915    29461.453
410  HKY+F+I+I+R2  14041.033    188 28458.066    28515.983    29446.117
411  HKY+F+I+I+R3  14038.790    190 28457.580    28516.829    29456.142
422  K2P+I+G4      14144.912    184 28657.823    28713.128    29624.852
432  K2P+I+I+R2    14140.120    185 28650.240    28706.192    29622.525
433  K2P+I+I+R3    14137.338    187 28648.675    28705.933    29631.471
444  F81+F+I+G4    15626.996    186 31625.991    31682.593    32603.531
454  F81+F+I+I+R2  15625.723    187 31625.446    31682.703    32608.242
455  F81+F+I+I+R3  15623.576    189 31625.151    31683.732    32618.458
466  JC+I+G4       15693.950    183 31753.900    31808.562    32715.673
476  JC+I+I+R2     15691.934    184 31751.868    31807.172    32718.897
477  JC+I+I+R3     15689.661    186 31751.321    31807.923    32728.861
Akaike Information Criterion:           GTR+F+I+I+R3
Corrected Akaike Information Criterion: GTR+F+I+I+R2
Bayesian Information Criterion:         GTR+F+I+I+R2
Best-fit model: GTR+F+I+I+R2 chosen according to BIC

All model information printed to worobey_2014c.nex.model.gz
CPU time for ModelFinder: 63.897 seconds (0h:1m:3s)
Wall-clock time for ModelFinder: 64.377 seconds (0h:1m:4s)

NOTE: 4 MB RAM (0 GB) is required!
Estimate model parameters (epsilon = 0.100)
1. Initial log-likelihood: -14018.005
Optimal log-likelihood: -14017.945
Rate parameters:  A-C: 1.81355  A-G: 17.22339  A-T: 1.01110  C-G: 0.39740  C-T: 20.66224  G-T: 1.00000
Base frequencies:  A: 0.340  C: 0.194  G: 0.234  T: 0.232
Proportion of invariable sites: 0.440
Site proportion and rates:  (0.223,0.391) (0.336,2.714)
Parameters optimization took 1 rounds (0.072 sec)
Wrote distance file to... 
Computing ML distances based on estimated model parameters...
Calculating distance matrix: done in 0.0330377 secs using 99.95% CPU
Computing ML distances took 0.033338 sec (of wall-clock time) 0.033322 sec (of CPU time)
Setting up auxiliary I and S matrices: done in 0.000437206 secs using 99.5% CPU
Constructing RapidNJ tree: done in 0.00166992 secs using 199.8% CPU
Computing RapidNJ tree took 0.002157 sec (of wall-clock time) 0.003826 sec (of CPU time)
Log-likelihood of RapidNJ tree: -14510.855
--------------------------------------------------------------------
|             INITIALIZING CANDIDATE TREE SET                      |
--------------------------------------------------------------------
Generating 98 parsimony trees... 6.628 second
Computing log-likelihood of 98 initial trees ... 1.293 seconds
Current best score: -14014.735

Do NNI search on 20 best initial trees
Optimizing NNI: done in 0.173131 secs using 96.63% CPU
Estimate model parameters (epsilon = 0.100)
BETTER TREE FOUND at iteration 1: -13994.666
Optimizing NNI: done in 0.126676 secs using 96.78% CPU
Optimizing NNI: done in 0.0624376 secs using 99.94% CPU
Optimizing NNI: done in 0.158188 secs using 97.49% CPU
Optimizing NNI: done in 0.215278 secs using 88.73% CPU
Optimizing NNI: done in 0.150947 secs using 97.34% CPU
Optimizing NNI: done in 0.163681 secs using 92.67% CPU
Optimizing NNI: done in 0.20676 secs using 96.12% CPU
Optimizing NNI: done in 0.152374 secs using 89.52% CPU
Optimizing NNI: done in 0.193674 secs using 93.75% CPU
Iteration 10 / LogL: -14010.353 / Time: 0h:0m:9s
Optimizing NNI: done in 0.158048 secs using 97.46% CPU
Optimizing NNI: done in 0.163178 secs using 92.67% CPU
Estimate model parameters (epsilon = 0.100)
BETTER TREE FOUND at iteration 12: -13994.577
Optimizing NNI: done in 0.160401 secs using 97.45% CPU
Optimizing NNI: done in 0.12677 secs using 90.51% CPU
Optimizing NNI: done in 0.177776 secs using 88.7% CPU
Optimizing NNI: done in 0.172051 secs using 97.68% CPU
Optimizing NNI: done in 0.1742 secs using 97.71% CPU
Optimizing NNI: done in 0.183202 secs using 95.63% CPU
Optimizing NNI: done in 0.206607 secs using 96.1% CPU
Optimizing NNI: done in 0.17053 secs using 99.97% CPU
Iteration 20 / LogL: -14004.873 / Time: 0h:0m:11s
Finish initializing candidate tree set (14)
Current best tree score: -13994.577 / CPU time: 11.527
Number of iterations: 20
--------------------------------------------------------------------
|               OPTIMIZING CANDIDATE TREE SET                      |
--------------------------------------------------------------------
Optimizing NNI: done in 0.241858 secs using 93.38% CPU
Optimizing NNI: done in 0.386305 secs using 93.76% CPU
Optimizing NNI: done in 0.313518 secs using 94.76% CPU
Optimizing NNI: done in 0.318683 secs using 93.7% CPU
Optimizing NNI: done in 0.268037 secs using 95.52% CPU
Optimizing NNI: done in 0.261699 secs using 95.42% CPU
Optimizing NNI: done in 0.250204 secs using 92.04% CPU
Optimizing NNI: done in 0.300682 secs using 94.63% CPU
Optimizing NNI: done in 0.26082 secs using 87.75% CPU
Optimizing NNI: done in 0.196506 secs using 99.97% CPU
Iteration 30 / LogL: -14013.918 / Time: 0h:0m:14s (0h:0m:41s left)
Optimizing NNI: done in 0.258351 secs using 92.2% CPU
Optimizing NNI: done in 0.368135 secs using 96.74% CPU
Optimizing NNI: done in 0.348032 secs using 97.63% CPU
Optimizing NNI: done in 0.467941 secs using 93.05% CPU
Optimizing NNI: done in 0.281581 secs using 94.3% CPU
Optimizing NNI: done in 0.233666 secs using 89.72% CPU
Optimizing NNI: done in 0.345336 secs using 98.79% CPU
Optimizing NNI: done in 0.20872 secs using 94.26% CPU
Optimizing NNI: done in 0.200866 secs using 84.07% CPU
Optimizing NNI: done in 0.229691 secs using 91.28% CPU
Iteration 40 / LogL: -14110.693 / Time: 0h:0m:17s (0h:0m:32s left)
Optimizing NNI: done in 0.277844 secs using 94.2% CPU
Optimizing NNI: done in 0.286364 secs using 94.43% CPU
Optimizing NNI: done in 0.270138 secs using 94.36% CPU
Optimizing NNI: done in 0.280756 secs using 95.49% CPU
Optimizing NNI: done in 0.260955 secs using 95.36% CPU
Optimizing NNI: done in 0.310194 secs using 97.41% CPU
Optimizing NNI: done in 0.287641 secs using 95.84% CPU
Optimizing NNI: done in 0.286777 secs using 95.81% CPU
Optimizing NNI: done in 0.301539 secs using 95.97% CPU
Optimizing NNI: done in 0.30283 secs using 92.09% CPU
Iteration 50 / LogL: -13995.153 / Time: 0h:0m:20s (0h:0m:25s left)
Optimizing NNI: done in 0.235966 secs using 93.16% CPU
Optimizing NNI: done in 0.301263 secs using 90.69% CPU
Optimizing NNI: done in 0.223577 secs using 91.05% CPU
Optimizing NNI: done in 0.291724 secs using 99.97% CPU
Optimizing NNI: done in 0.268817 secs using 94.05% CPU
Optimizing NNI: done in 0.310981 secs using 93.57% CPU
Optimizing NNI: done in 0.325786 secs using 96.49% CPU
Optimizing NNI: done in 0.266608 secs using 93.98% CPU
Optimizing NNI: done in 0.256581 secs using 92.18% CPU
Optimizing NNI: done in 0.229555 secs using 98.23% CPU
Iteration 60 / LogL: -13995.098 / Time: 0h:0m:23s (0h:0m:20s left)
Optimizing NNI: done in 0.251154 secs using 85.66% CPU
Optimizing NNI: done in 0.232038 secs using 96.54% CPU
Optimizing NNI: done in 0.328391 secs using 92.74% CPU
Optimizing NNI: done in 0.326455 secs using 96.05% CPU
Optimizing NNI: done in 0.235787 secs using 91.4% CPU
Optimizing NNI: done in 0.256136 secs using 98.03% CPU
Optimizing NNI: done in 0.260024 secs using 92.22% CPU
Optimizing NNI: done in 0.281114 secs using 98.52% CPU
Optimizing NNI: done in 0.288442 secs using 90.3% CPU
Optimizing NNI: done in 0.258149 secs using 96.81% CPU
Iteration 70 / LogL: -14023.830 / Time: 0h:0m:26s (0h:0m:15s left)
Optimizing NNI: done in 0.252152 secs using 95.25% CPU
Optimizing NNI: done in 0.241981 secs using 98.28% CPU
Optimizing NNI: done in 0.261727 secs using 90.78% CPU
Optimizing NNI: done in 0.250328 secs using 99.98% CPU
Optimizing NNI: done in 0.330465 secs using 97.51% CPU
Optimizing NNI: done in 0.31675 secs using 94.72% CPU
Optimizing NNI: done in 0.377391 secs using 95.69% CPU
Optimizing NNI: done in 0.253205 secs using 96.83% CPU
Optimizing NNI: done in 0.321985 secs using 95.01% CPU
Optimizing NNI: done in 0.251912 secs using 95.23% CPU
Iteration 80 / LogL: -13995.556 / Time: 0h:0m:28s (0h:0m:11s left)
Optimizing NNI: done in 0.319941 secs using 91.06% CPU
Optimizing NNI: done in 0.247982 secs using 91.53% CPU
Optimizing NNI: done in 0.290728 secs using 95.55% CPU
Optimizing NNI: done in 0.273176 secs using 92.69% CPU
Optimizing NNI: done in 0.271542 secs using 92.56% CPU
Optimizing NNI: done in 0.283761 secs using 93.74% CPU
Optimizing NNI: done in 0.27685 secs using 89.71% CPU
Optimizing NNI: done in 0.274296 secs using 94.75% CPU
Optimizing NNI: done in 0.229783 secs using 94.73% CPU
Optimizing NNI: done in 0.307632 secs using 99.96% CPU
Iteration 90 / LogL: -13995.188 / Time: 0h:0m:31s (0h:0m:7s left)
Optimizing NNI: done in 0.237166 secs using 91.43% CPU
Optimizing NNI: done in 0.216115 secs using 98.04% CPU
Optimizing NNI: done in 0.263371 secs using 89.29% CPU
Optimizing NNI: done in 0.408826 secs using 95.13% CPU
Optimizing NNI: done in 0.30093 secs using 90.34% CPU
Optimizing NNI: done in 0.256975 secs using 96.44% CPU
Optimizing NNI: done in 0.287238 secs using 87.33% CPU
Optimizing NNI: done in 0.288945 secs using 93.06% CPU
Optimizing NNI: done in 0.255308 secs using 93.73% CPU
Optimizing NNI: done in 0.286843 secs using 97.15% CPU
Iteration 100 / LogL: -13995.067 / Time: 0h:0m:34s (0h:0m:4s left)
Optimizing NNI: done in 0.247191 secs using 96.66% CPU
Optimizing NNI: done in 0.237369 secs using 96.53% CPU
Optimizing NNI: done in 0.27863 secs using 95.65% CPU
Optimizing NNI: done in 0.268114 secs using 90.95% CPU
Optimizing NNI: done in 0.26424 secs using 90.85% CPU
Optimizing NNI: done in 0.309687 secs using 96.1% CPU
Optimizing NNI: done in 0.277007 secs using 95.61% CPU
Optimizing NNI: done in 0.261957 secs using 98.52% CPU
Optimizing NNI: done in 0.219113 secs using 99.99% CPU
Optimizing NNI: done in 0.284077 secs using 98.57% CPU
Iteration 110 / LogL: -13999.932 / Time: 0h:0m:37s (0h:0m:0s left)
Optimizing NNI: done in 0.275114 secs using 94.15% CPU
Optimizing NNI: done in 0.336874 secs using 93.91% CPU
Optimizing NNI: done in 0.289919 secs using 88.95% CPU
TREE SEARCH COMPLETED AFTER 113 ITERATIONS / Time: 0h:0m:38s

--------------------------------------------------------------------
|                    FINALIZING TREE SEARCH                        |
--------------------------------------------------------------------
Performs final model parameters optimization
Estimate model parameters (epsilon = 0.010)
1. Initial log-likelihood: -13994.577
2. Current log-likelihood: -13994.552
3. Current log-likelihood: -13994.538
Optimal log-likelihood: -13994.528
Rate parameters:  A-C: 1.82821  A-G: 17.29739  A-T: 1.00875  C-G: 0.40288  C-T: 20.64856  G-T: 1.00000
Base frequencies:  A: 0.340  C: 0.194  G: 0.234  T: 0.232
Proportion of invariable sites: 0.447
Site proportion and rates:  (0.220,0.420) (0.334,2.720)
Parameters optimization took 3 rounds (0.178 sec)
BEST SCORE FOUND : -13994.528
Total tree length: 2.897

Total number of iterations: 113
CPU time used for tree search: 33.848 sec (0h:0m:33s)
Wall-clock time used for tree search: 37.992 sec (0h:0m:37s)
Total CPU time used: 34.277 sec (0h:0m:34s)
Total wall-clock time used: 38.402 sec (0h:0m:38s)

Analysis results written to: 
  IQ-TREE report:                worobey_2014c.nex.iqtree
  Maximum-likelihood tree:       worobey_2014c.nex.treefile
  Likelihood distances:          worobey_2014c.nex.mldist
  Screen log file:               worobey_2014c.nex.log

Date and Time: Mon Mar 13 23:20:11 2023
